<?xml version="1.0" encoding="utf-8"?>
<CoverageSession xmlns:xsd="http://www.w3.org/2001/XMLSchema" xmlns:xsi="http://www.w3.org/2001/XMLSchema-instance">
  <Summary numSequencePoints="1747" visitedSequencePoints="57" numBranchPoints="1183" visitedBranchPoints="33" sequenceCoverage="3.26" branchCoverage="2.79" maxCyclomaticComplexity="92" minCyclomaticComplexity="1" visitedClasses="3" numClasses="43" visitedMethods="14" numMethods="264" />
  <Modules>
    <Module skippedDueTo="Filter" hash="83-6D-5D-BD-DD-B0-AF-25-78-A9-8F-DB-4D-5C-50-02-D3-0B-EB-A1">
      <ModulePath>C:\WINDOWS\Microsoft.Net\assembly\GAC_64\mscorlib\v4.0_4.0.0.0__b77a5c561934e089\mscorlib.dll</ModulePath>
      <ModuleTime>2018-05-03T02:45:56.9262957Z</ModuleTime>
      <ModuleName>mscorlib</ModuleName>
      <Classes />
    </Module>
    <Module skippedDueTo="Filter" hash="86-E9-3D-3D-7C-09-09-11-61-67-42-C6-1E-4B-75-FF-C4-1C-03-96">
      <ModulePath>C:\Users\Tom\source\repos\KCDModMerger\packages\NUnit.ConsoleRunner.3.8.0\tools\nunit3-console.exe</ModulePath>
      <ModuleTime>2018-01-27T10:27:14Z</ModuleTime>
      <ModuleName>nunit3-console</ModuleName>
      <Classes />
    </Module>
    <Module skippedDueTo="Filter" hash="CB-7B-C7-A0-09-0F-BA-F4-8A-02-A9-E9-2A-7B-43-34-93-46-0F-58">
      <ModulePath>C:\WINDOWS\Microsoft.Net\assembly\GAC_MSIL\System\v4.0_4.0.0.0__b77a5c561934e089\System.dll</ModulePath>
      <ModuleTime>2017-09-29T13:43:06.7717063Z</ModuleTime>
      <ModuleName>System</ModuleName>
      <Classes />
    </Module>
    <Module skippedDueTo="Filter" hash="C1-08-CD-F2-59-9C-E6-0B-62-F9-09-43-74-9F-8D-57-9D-A9-93-31">
      <ModulePath>C:\Users\Tom\source\repos\KCDModMerger\packages\NUnit.ConsoleRunner.3.8.0\tools\nunit.engine.api.dll</ModulePath>
      <ModuleTime>2018-01-27T10:27:14Z</ModuleTime>
      <ModuleName>nunit.engine.api</ModuleName>
      <Classes />
    </Module>
    <Module skippedDueTo="Filter" hash="95-2A-FF-98-B6-82-8F-7C-F0-AC-3D-56-5A-54-93-7D-3B-32-4F-7B">
      <ModulePath>C:\Users\Tom\source\repos\KCDModMerger\packages\NUnit.ConsoleRunner.3.8.0\tools\nunit.engine.dll</ModulePath>
      <ModuleTime>2018-01-27T10:27:14Z</ModuleTime>
      <ModuleName>nunit.engine</ModuleName>
      <Classes />
    </Module>
    <Module skippedDueTo="Filter" hash="95-2A-FF-98-B6-82-8F-7C-F0-AC-3D-56-5A-54-93-7D-3B-32-4F-7B">
      <ModulePath>C:\Users\Tom\source\repos\KCDModMerger\packages\NUnit.ConsoleRunner.3.8.0\tools\nunit.engine.dll</ModulePath>
      <ModuleTime>2018-01-27T10:27:14Z</ModuleTime>
      <ModuleName>nunit.engine</ModuleName>
      <Classes />
    </Module>
    <Module skippedDueTo="Filter" hash="58-2A-4C-0C-25-69-3C-E5-E8-8F-0E-35-DB-19-D0-78-0E-D1-10-FA">
      <ModulePath>C:\WINDOWS\Microsoft.Net\assembly\GAC_MSIL\System.Xml\v4.0_4.0.0.0__b77a5c561934e089\System.Xml.dll</ModulePath>
      <ModuleTime>2017-12-22T03:10:39.7166266Z</ModuleTime>
      <ModuleName>System.Xml</ModuleName>
      <Classes />
    </Module>
    <Module skippedDueTo="Filter" hash="DC-F8-A3-B5-3C-D2-A2-92-BD-DE-4F-B9-C1-C6-59-24-2B-D3-FE-39">
      <ModulePath>C:\WINDOWS\Microsoft.Net\assembly\GAC_64\System.Web\v4.0_4.0.0.0__b03f5f7f11d50a3a\System.Web.dll</ModulePath>
      <ModuleTime>2018-02-09T03:34:33.7286998Z</ModuleTime>
      <ModuleName>System.Web</ModuleName>
      <Classes />
    </Module>
    <Module skippedDueTo="Filter" hash="95-C2-7F-29-1B-5E-88-C5-62-B1-37-09-E1-F0-97-D4-51-18-8D-2E">
      <ModulePath>C:\WINDOWS\Microsoft.Net\assembly\GAC_MSIL\System.Runtime.Remoting\v4.0_4.0.0.0__b77a5c561934e089\System.Runtime.Remoting.dll</ModulePath>
      <ModuleTime>2017-09-29T13:43:06.6935754Z</ModuleTime>
      <ModuleName>System.Runtime.Remoting</ModuleName>
      <Classes />
    </Module>
    <Module skippedDueTo="Filter" hash="62-13-DF-BA-4D-76-38-3A-FE-E9-5E-D8-6C-07-CC-1D-A2-DE-73-52">
      <ModulePath>C:\WINDOWS\Microsoft.Net\assembly\GAC_MSIL\System.Configuration\v4.0_4.0.0.0__b03f5f7f11d50a3a\System.Configuration.dll</ModulePath>
      <ModuleTime>2017-09-29T13:43:06.6154445Z</ModuleTime>
      <ModuleName>System.Configuration</ModuleName>
      <Classes />
    </Module>
    <Module skippedDueTo="Filter" hash="8A-2E-8F-D6-9D-39-02-4A-2F-30-FC-06-42-F7-0F-A8-32-69-07-72">
      <ModulePath>C:\Users\Tom\source\repos\KCDModMerger\packages\NUnit.ConsoleRunner.3.8.0\tools\Mono.Cecil.dll</ModulePath>
      <ModuleTime>2018-01-27T10:27:14Z</ModuleTime>
      <ModuleName>Mono.Cecil</ModuleName>
      <Classes />
    </Module>
    <Module skippedDueTo="Filter" hash="83-6D-5D-BD-DD-B0-AF-25-78-A9-8F-DB-4D-5C-50-02-D3-0B-EB-A1">
      <ModulePath>C:\WINDOWS\Microsoft.Net\assembly\GAC_64\mscorlib\v4.0_4.0.0.0__b77a5c561934e089\mscorlib.dll</ModulePath>
      <ModuleTime>2018-05-03T02:45:56.9262957Z</ModuleTime>
      <ModuleName>mscorlib</ModuleName>
      <Classes />
    </Module>
    <Module skippedDueTo="Filter" hash="23-B3-8E-36-35-0B-BD-20-43-E0-A1-0E-D9-F4-93-5D-15-17-91-15">
      <ModulePath>C:\Users\Tom\source\repos\KCDModMerger\packages\NUnit.ConsoleRunner.3.8.0\tools\nunit-agent.exe</ModulePath>
      <ModuleTime>2018-01-27T10:27:14Z</ModuleTime>
      <ModuleName>nunit-agent</ModuleName>
      <Classes />
    </Module>
    <Module skippedDueTo="Filter" hash="C1-08-CD-F2-59-9C-E6-0B-62-F9-09-43-74-9F-8D-57-9D-A9-93-31">
      <ModulePath>C:\Users\Tom\source\repos\KCDModMerger\packages\NUnit.ConsoleRunner.3.8.0\tools\nunit.engine.api.dll</ModulePath>
      <ModuleTime>2018-01-27T10:27:14Z</ModuleTime>
      <ModuleName>nunit.engine.api</ModuleName>
      <Classes />
    </Module>
    <Module skippedDueTo="Filter" hash="95-2A-FF-98-B6-82-8F-7C-F0-AC-3D-56-5A-54-93-7D-3B-32-4F-7B">
      <ModulePath>C:\Users\Tom\source\repos\KCDModMerger\packages\NUnit.ConsoleRunner.3.8.0\tools\nunit.engine.dll</ModulePath>
      <ModuleTime>2018-01-27T10:27:14Z</ModuleTime>
      <ModuleName>nunit.engine</ModuleName>
      <Classes />
    </Module>
    <Module skippedDueTo="Filter" hash="CB-7B-C7-A0-09-0F-BA-F4-8A-02-A9-E9-2A-7B-43-34-93-46-0F-58">
      <ModulePath>C:\WINDOWS\Microsoft.Net\assembly\GAC_MSIL\System\v4.0_4.0.0.0__b77a5c561934e089\System.dll</ModulePath>
      <ModuleTime>2017-09-29T13:43:06.7717063Z</ModuleTime>
      <ModuleName>System</ModuleName>
      <Classes />
    </Module>
    <Module skippedDueTo="Filter" hash="58-2A-4C-0C-25-69-3C-E5-E8-8F-0E-35-DB-19-D0-78-0E-D1-10-FA">
      <ModulePath>C:\WINDOWS\Microsoft.Net\assembly\GAC_MSIL\System.Xml\v4.0_4.0.0.0__b77a5c561934e089\System.Xml.dll</ModulePath>
      <ModuleTime>2017-12-22T03:10:39.7166266Z</ModuleTime>
      <ModuleName>System.Xml</ModuleName>
      <Classes />
    </Module>
    <Module skippedDueTo="Filter" hash="DC-F8-A3-B5-3C-D2-A2-92-BD-DE-4F-B9-C1-C6-59-24-2B-D3-FE-39">
      <ModulePath>C:\WINDOWS\Microsoft.Net\assembly\GAC_64\System.Web\v4.0_4.0.0.0__b03f5f7f11d50a3a\System.Web.dll</ModulePath>
      <ModuleTime>2018-02-09T03:34:33.7286998Z</ModuleTime>
      <ModuleName>System.Web</ModuleName>
      <Classes />
    </Module>
    <Module skippedDueTo="Filter" hash="95-C2-7F-29-1B-5E-88-C5-62-B1-37-09-E1-F0-97-D4-51-18-8D-2E">
      <ModulePath>C:\WINDOWS\Microsoft.Net\assembly\GAC_MSIL\System.Runtime.Remoting\v4.0_4.0.0.0__b77a5c561934e089\System.Runtime.Remoting.dll</ModulePath>
      <ModuleTime>2017-09-29T13:43:06.6935754Z</ModuleTime>
      <ModuleName>System.Runtime.Remoting</ModuleName>
      <Classes />
    </Module>
    <Module skippedDueTo="Filter" hash="62-13-DF-BA-4D-76-38-3A-FE-E9-5E-D8-6C-07-CC-1D-A2-DE-73-52">
      <ModulePath>C:\WINDOWS\Microsoft.Net\assembly\GAC_MSIL\System.Configuration\v4.0_4.0.0.0__b03f5f7f11d50a3a\System.Configuration.dll</ModulePath>
      <ModuleTime>2017-09-29T13:43:06.6154445Z</ModuleTime>
      <ModuleName>System.Configuration</ModuleName>
      <Classes />
    </Module>
    <Module skippedDueTo="Filter" hash="8A-2E-8F-D6-9D-39-02-4A-2F-30-FC-06-42-F7-0F-A8-32-69-07-72">
      <ModulePath>C:\Users\Tom\source\repos\KCDModMerger\packages\NUnit.ConsoleRunner.3.8.0\tools\Mono.Cecil.dll</ModulePath>
      <ModuleTime>2018-01-27T10:27:14Z</ModuleTime>
      <ModuleName>Mono.Cecil</ModuleName>
      <Classes />
    </Module>
    <Module skippedDueTo="Filter" hash="AF-00-89-8E-23-29-6C-3D-DA-76-42-D2-8F-D5-0D-78-C7-55-E7-F5">
      <ModulePath>C:\Users\Tom\source\repos\KCDModMerger\KCDModMerger.Tests\bin\Release\nunit.framework.dll</ModulePath>
      <ModuleTime>2018-03-12T21:58:16Z</ModuleTime>
      <ModuleName>nunit.framework</ModuleName>
      <Classes />
    </Module>
    <Module skippedDueTo="Filter" hash="CB-7B-C7-A0-09-0F-BA-F4-8A-02-A9-E9-2A-7B-43-34-93-46-0F-58">
      <ModulePath>C:\WINDOWS\Microsoft.Net\assembly\GAC_MSIL\System\v4.0_4.0.0.0__b77a5c561934e089\System.dll</ModulePath>
      <ModuleTime>2017-09-29T13:43:06.7717063Z</ModuleTime>
      <ModuleName>System</ModuleName>
      <Classes />
    </Module>
    <Module skippedDueTo="Filter" hash="00-E4-8B-23-28-1E-7A-F6-0F-D2-F5-0F-0B-97-50-BC-55-63-B2-9D">
      <ModulePath>C:\WINDOWS\Microsoft.Net\assembly\GAC_MSIL\System.Core\v4.0_4.0.0.0__b77a5c561934e089\System.Core.dll</ModulePath>
      <ModuleTime>2018-02-02T03:36:02.9502864Z</ModuleTime>
      <ModuleName>System.Core</ModuleName>
      <Classes />
    </Module>
    <Module skippedDueTo="Filter" hash="DC-F8-A3-B5-3C-D2-A2-92-BD-DE-4F-B9-C1-C6-59-24-2B-D3-FE-39">
      <ModulePath>C:\WINDOWS\Microsoft.Net\assembly\GAC_64\System.Web\v4.0_4.0.0.0__b03f5f7f11d50a3a\System.Web.dll</ModulePath>
      <ModuleTime>2018-02-09T03:34:33.7286998Z</ModuleTime>
      <ModuleName>System.Web</ModuleName>
      <Classes />
    </Module>
    <Module skippedDueTo="Filter" hash="99-01-BD-D5-9D-F2-B4-C4-DC-7E-49-93-C3-E7-9D-F0-F4-A0-92-A8">
      <ModulePath>C:\Users\Tom\source\repos\KCDModMerger\KCDModMerger.Tests\bin\Release\KCDModMerger.Tests.dll</ModulePath>
      <ModuleTime>2018-05-30T22:46:39.9985612Z</ModuleTime>
      <ModuleName>KCDModMerger.Tests</ModuleName>
      <Classes />
    </Module>
    <Module skippedDueTo="Filter" hash="58-2A-4C-0C-25-69-3C-E5-E8-8F-0E-35-DB-19-D0-78-0E-D1-10-FA">
      <ModulePath>C:\WINDOWS\Microsoft.Net\assembly\GAC_MSIL\System.Xml\v4.0_4.0.0.0__b77a5c561934e089\System.Xml.dll</ModulePath>
      <ModuleTime>2017-12-22T03:10:39.7166266Z</ModuleTime>
      <ModuleName>System.Xml</ModuleName>
      <Classes />
    </Module>
    <Module hash="FA-8C-F0-65-F8-29-85-BA-EB-E4-5A-87-08-92-35-EE-04-04-95-45">
      <Summary numSequencePoints="1747" visitedSequencePoints="57" numBranchPoints="1183" visitedBranchPoints="33" sequenceCoverage="3.26" branchCoverage="2.79" maxCyclomaticComplexity="92" minCyclomaticComplexity="1" visitedClasses="3" numClasses="43" visitedMethods="14" numMethods="264" />
      <ModulePath>C:\Users\Tom\source\repos\KCDModMerger\KCDModMerger.Tests\bin\Release\KCDModMerger.exe</ModulePath>
      <ModuleTime>2018-05-30T22:46:39.5657406Z</ModuleTime>
      <ModuleName>KCDModMerger</ModuleName>
      <Files>
        <File uid="1" fullPath="C:\Users\Tom\source\repos\KCDModMerger\KCDModMerger\OSVersionInfo.cs" />
        <File uid="2" fullPath="C:\Users\Tom\source\repos\KCDModMerger\KCDModMerger\Utilities.cs" />
        <File uid="5" fullPath="C:\Users\Tom\source\repos\KCDModMerger\KCDModMerger\App.xaml.cs" />
        <File uid="6" fullPath="C:\Users\Tom\source\repos\KCDModMerger\KCDModMerger\App.xaml" />
        <File uid="7" fullPath="C:\Users\Tom\source\repos\KCDModMerger\KCDModMerger\MainWindow.xaml.cs" />
        <File uid="8" fullPath="C:\Users\Tom\source\repos\KCDModMerger\KCDModMerger\MainWindow.xaml" />
        <File uid="15" fullPath="C:\Users\Tom\source\repos\KCDModMerger\KCDModMerger\ModManager.cs" />
        <File uid="20" fullPath="C:\Users\Tom\source\repos\KCDModMerger\KCDModMerger\UI\ItemVM.cs" />
        <File uid="21" fullPath="C:\Users\Tom\source\repos\KCDModMerger\KCDModMerger\UI\MainViewModel.cs" />
        <File uid="22" fullPath="C:\Users\Tom\source\repos\KCDModMerger\KCDModMerger\Mods\DirectoryManager.cs" />
        <File uid="25" fullPath="C:\Users\Tom\source\repos\KCDModMerger\KCDModMerger\Mods\LegacyModLoader.cs" />
        <File uid="26" fullPath="C:\Users\Tom\source\repos\KCDModMerger\KCDModMerger\Mods\ModFile.cs" />
        <File uid="27" fullPath="C:\Users\Tom\source\repos\KCDModMerger\KCDModMerger\Mods\ModLoader.cs" />
        <File uid="29" fullPath="C:\Users\Tom\source\repos\KCDModMerger\KCDModMerger\Mods\ModManifest.cs" />
        <File uid="30" fullPath="C:\Users\Tom\source\repos\KCDModMerger\KCDModMerger\Mods\ModMerger.cs" />
        <File uid="33" fullPath="C:\Users\Tom\source\repos\KCDModMerger\KCDModMerger\Mods\VanillaFileManager.cs" />
        <File uid="38" fullPath="C:\Users\Tom\source\repos\KCDModMerger\KCDModMerger\Mods\Mod.cs" />
        <File uid="40" fullPath="C:\Users\Tom\source\repos\KCDModMerger\KCDModMerger\Logging\LogEntry.cs" />
        <File uid="42" fullPath="C:\Users\Tom\source\repos\KCDModMerger\KCDModMerger\Logging\Logger.cs" />
        <File uid="45" fullPath="C:\Users\Tom\source\repos\KCDModMerger\KCDModMerger\Logging\LogInterceptor.cs" />
      </Files>
      <Classes>
        <Class skippedDueTo="Filter">
          <FullName>&lt;Module&gt;</FullName>
          <Methods />
        </Class>
        <Class skippedDueTo="Filter">
          <FullName>XamlGeneratedNamespace.GeneratedInternalTypeHelper</FullName>
          <Methods />
        </Class>
        <Class skippedDueTo="Filter">
          <FullName>Schematrix.DataAvailableHandler</FullName>
          <Methods />
        </Class>
        <Class skippedDueTo="Filter">
          <FullName>Schematrix.ExtractionProgressHandler</FullName>
          <Methods />
        </Class>
        <Class skippedDueTo="Filter">
          <FullName>Schematrix.MissingVolumeHandler</FullName>
          <Methods />
        </Class>
        <Class skippedDueTo="Filter">
          <FullName>Schematrix.NewVolumeHandler</FullName>
          <Methods />
        </Class>
        <Class skippedDueTo="Filter">
          <FullName>Schematrix.NewFileHandler</FullName>
          <Methods />
        </Class>
        <Class skippedDueTo="Filter">
          <FullName>Schematrix.PasswordRequiredHandler</FullName>
          <Methods />
        </Class>
        <Class skippedDueTo="Filter">
          <FullName>Schematrix.Unrar</FullName>
          <Methods />
        </Class>
        <Class skippedDueTo="Filter">
          <FullName>Schematrix.Unrar/UNRARCallback</FullName>
          <Methods />
        </Class>
        <Class skippedDueTo="Filter">
          <FullName>Schematrix.NewVolumeEventArgs</FullName>
          <Methods />
        </Class>
        <Class skippedDueTo="Filter">
          <FullName>Schematrix.MissingVolumeEventArgs</FullName>
          <Methods />
        </Class>
        <Class skippedDueTo="Filter">
          <FullName>Schematrix.DataAvailableEventArgs</FullName>
          <Methods />
        </Class>
        <Class skippedDueTo="Filter">
          <FullName>Schematrix.PasswordRequiredEventArgs</FullName>
          <Methods />
        </Class>
        <Class skippedDueTo="Filter">
          <FullName>Schematrix.NewFileEventArgs</FullName>
          <Methods />
        </Class>
        <Class skippedDueTo="Filter">
          <FullName>Schematrix.ExtractionProgressEventArgs</FullName>
          <Methods />
        </Class>
        <Class skippedDueTo="Filter">
          <FullName>Schematrix.RARFileInfo</FullName>
          <Methods />
        </Class>
        <Class>
          <Summary numSequencePoints="0" visitedSequencePoints="0" numBranchPoints="0" visitedBranchPoints="0" sequenceCoverage="0" branchCoverage="0" maxCyclomaticComplexity="0" minCyclomaticComplexity="0" visitedClasses="0" numClasses="0" visitedMethods="0" numMethods="0" />
          <FullName>KCDModMerger.NativeMethods</FullName>
          <Methods>
            <Method skippedDueTo="Unknown" visited="false" cyclomaticComplexity="0" nPathComplexity="0" sequenceCoverage="0" branchCoverage="0" isConstructor="false" isStatic="true" isGetter="false" isSetter="false">
              <MetadataToken>100663396</MetadataToken>
              <Name>System.Boolean KCDModMerger.NativeMethods::GetPhysicallyInstalledSystemMemory(System.Int64&amp;)</Name>
              <SequencePoints />
              <BranchPoints />
            </Method>
          </Methods>
        </Class>
        <Class>
          <Summary numSequencePoints="377" visitedSequencePoints="0" numBranchPoints="260" visitedBranchPoints="0" sequenceCoverage="0" branchCoverage="0" maxCyclomaticComplexity="92" minCyclomaticComplexity="1" visitedClasses="0" numClasses="1" visitedMethods="0" numMethods="16" />
          <FullName>KCDModMerger.OSVersionInfo</FullName>
          <Methods>
            <Method visited="false" cyclomaticComplexity="2" nPathComplexity="2" sequenceCoverage="0" branchCoverage="0" isConstructor="false" isStatic="true" isGetter="true" isSetter="false">
              <Summary numSequencePoints="6" visitedSequencePoints="0" numBranchPoints="3" visitedBranchPoints="0" sequenceCoverage="0" branchCoverage="0" maxCyclomaticComplexity="2" minCyclomaticComplexity="2" visitedClasses="0" numClasses="0" visitedMethods="0" numMethods="1" />
              <MetadataToken>100663397</MetadataToken>
              <Name>System.String KCDModMerger.OSVersionInfo::get_ServicePack()</Name>
              <FileRef uid="1" />
              <SequencePoints>
                <SequencePoint vc="0" uspid="1" ordinal="0" offset="0" sl="32" sc="17" el="32" ec="48" bec="0" bev="0" fileid="1" />
                <SequencePoint vc="0" uspid="2" ordinal="1" offset="6" sl="33" sc="17" el="33" ec="59" bec="0" bev="0" fileid="1" />
                <SequencePoint vc="0" uspid="3" ordinal="2" offset="14" sl="35" sc="17" el="35" ec="93" bec="0" bev="0" fileid="1" />
                <SequencePoint vc="0" uspid="4" ordinal="3" offset="36" sl="37" sc="17" el="37" ec="53" bec="2" bev="0" fileid="1" />
                <SequencePoint vc="0" uspid="5" ordinal="4" offset="45" sl="37" sc="54" el="37" ec="95" bec="0" bev="0" fileid="1" />
                <SequencePoint vc="0" uspid="6" ordinal="5" offset="52" sl="39" sc="17" el="39" ec="36" bec="0" bev="0" fileid="1" />
              </SequencePoints>
              <BranchPoints>
                <BranchPoint vc="0" uspid="7" ordinal="0" offset="43" sl="37" path="0" offsetend="45" fileid="1" />
                <BranchPoint vc="0" uspid="8" ordinal="1" offset="43" sl="37" path="1" offsetend="52" fileid="1" />
              </BranchPoints>
              <MethodPoint xsi:type="SequencePoint" vc="0" uspid="1" ordinal="0" offset="0" sl="32" sc="17" el="32" ec="48" bec="0" bev="0" fileid="1" />
            </Method>
            <Method visited="false" cyclomaticComplexity="3" nPathComplexity="4" sequenceCoverage="0" branchCoverage="0" isConstructor="false" isStatic="true" isGetter="true" isSetter="false">
              <Summary numSequencePoints="9" visitedSequencePoints="0" numBranchPoints="5" visitedBranchPoints="0" sequenceCoverage="0" branchCoverage="0" maxCyclomaticComplexity="3" minCyclomaticComplexity="3" visitedClasses="0" numClasses="0" visitedMethods="0" numMethods="1" />
              <MetadataToken>100663400</MetadataToken>
              <Name>KCDModMerger.OSVersionInfo/SoftwareArchitecture KCDModMerger.OSVersionInfo::get_ProgramBits()</Name>
              <FileRef uid="1" />
              <SequencePoints>
                <SequencePoint vc="0" uspid="9" ordinal="0" offset="0" sl="143" sc="17" el="143" ec="58" bec="0" bev="0" fileid="1" />
                <SequencePoint vc="0" uspid="10" ordinal="1" offset="2" sl="145" sc="17" el="145" ec="66" bec="0" bev="0" fileid="1" />
                <SequencePoint vc="0" uspid="11" ordinal="2" offset="8" sl="147" sc="17" el="147" ec="41" bec="4" bev="0" fileid="1" />
                <SequencePoint vc="0" uspid="12" ordinal="3" offset="26" sl="150" sc="25" el="150" ec="60" bec="0" bev="0" fileid="1" />
                <SequencePoint vc="0" uspid="13" ordinal="4" offset="28" sl="151" sc="25" el="151" ec="31" bec="0" bev="0" fileid="1" />
                <SequencePoint vc="0" uspid="14" ordinal="5" offset="30" sl="154" sc="25" el="154" ec="60" bec="0" bev="0" fileid="1" />
                <SequencePoint vc="0" uspid="15" ordinal="6" offset="32" sl="155" sc="25" el="155" ec="31" bec="0" bev="0" fileid="1" />
                <SequencePoint vc="0" uspid="16" ordinal="7" offset="34" sl="158" sc="25" el="158" ec="62" bec="0" bev="0" fileid="1" />
                <SequencePoint vc="0" uspid="17" ordinal="8" offset="36" sl="162" sc="17" el="162" ec="30" bec="0" bev="0" fileid="1" />
              </SequencePoints>
              <BranchPoints>
                <BranchPoint vc="0" uspid="18" ordinal="0" offset="19" sl="147" path="0" offsetend="21" fileid="1" />
                <BranchPoint vc="0" uspid="19" ordinal="1" offset="19" sl="147" path="1" offsetend="30" fileid="1" />
                <BranchPoint vc="0" uspid="20" ordinal="2" offset="24" sl="147" path="0" offsetend="26" fileid="1" />
                <BranchPoint vc="0" uspid="21" ordinal="3" offset="24" sl="147" path="1" offsetend="34" fileid="1" />
              </BranchPoints>
              <MethodPoint xsi:type="SequencePoint" vc="0" uspid="9" ordinal="0" offset="0" sl="143" sc="17" el="143" ec="58" bec="0" bev="0" fileid="1" />
            </Method>
            <Method visited="false" cyclomaticComplexity="4" nPathComplexity="8" sequenceCoverage="0" branchCoverage="0" isConstructor="false" isStatic="true" isGetter="true" isSetter="false">
              <Summary numSequencePoints="10" visitedSequencePoints="0" numBranchPoints="7" visitedBranchPoints="0" sequenceCoverage="0" branchCoverage="0" maxCyclomaticComplexity="4" minCyclomaticComplexity="4" visitedClasses="0" numClasses="0" visitedMethods="0" numMethods="1" />
              <MetadataToken>100663401</MetadataToken>
              <Name>KCDModMerger.OSVersionInfo/SoftwareArchitecture KCDModMerger.OSVersionInfo::get_OSBits()</Name>
              <FileRef uid="1" />
              <SequencePoints>
                <SequencePoint vc="0" uspid="22" ordinal="0" offset="0" sl="170" sc="17" el="170" ec="59" bec="0" bev="0" fileid="1" />
                <SequencePoint vc="0" uspid="23" ordinal="1" offset="2" sl="172" sc="17" el="172" ec="41" bec="4" bev="0" fileid="1" />
                <SequencePoint vc="0" uspid="24" ordinal="2" offset="20" sl="175" sc="25" el="175" ec="61" bec="0" bev="0" fileid="1" />
                <SequencePoint vc="0" uspid="25" ordinal="3" offset="22" sl="176" sc="25" el="176" ec="31" bec="0" bev="0" fileid="1" />
                <SequencePoint vc="0" uspid="26" ordinal="4" offset="24" sl="179" sc="25" el="179" ec="62" bec="2" bev="0" fileid="1" />
                <SequencePoint vc="0" uspid="27" ordinal="5" offset="31" sl="180" sc="29" el="180" ec="65" bec="0" bev="0" fileid="1" />
                <SequencePoint vc="0" uspid="28" ordinal="6" offset="35" sl="182" sc="29" el="182" ec="65" bec="0" bev="0" fileid="1" />
                <SequencePoint vc="0" uspid="29" ordinal="7" offset="37" sl="183" sc="25" el="183" ec="31" bec="0" bev="0" fileid="1" />
                <SequencePoint vc="0" uspid="30" ordinal="8" offset="39" sl="186" sc="25" el="186" ec="63" bec="0" bev="0" fileid="1" />
                <SequencePoint vc="0" uspid="31" ordinal="9" offset="41" sl="190" sc="17" el="190" ec="31" bec="0" bev="0" fileid="1" />
              </SequencePoints>
              <BranchPoints>
                <BranchPoint vc="0" uspid="32" ordinal="0" offset="13" sl="172" path="0" offsetend="15" fileid="1" />
                <BranchPoint vc="0" uspid="33" ordinal="1" offset="13" sl="172" path="1" offsetend="24" fileid="1" />
                <BranchPoint vc="0" uspid="34" ordinal="2" offset="18" sl="172" path="0" offsetend="20" fileid="1" />
                <BranchPoint vc="0" uspid="35" ordinal="3" offset="18" sl="172" path="1" offsetend="39" fileid="1" />
                <BranchPoint vc="0" uspid="36" ordinal="4" offset="29" sl="179" path="0" offsetend="31" fileid="1" />
                <BranchPoint vc="0" uspid="37" ordinal="5" offset="29" sl="179" path="1" offsetend="35" fileid="1" />
              </BranchPoints>
              <MethodPoint xsi:type="SequencePoint" vc="0" uspid="22" ordinal="0" offset="0" sl="170" sc="17" el="170" ec="59" bec="0" bev="0" fileid="1" />
            </Method>
            <Method visited="false" cyclomaticComplexity="4" nPathComplexity="8" sequenceCoverage="0" branchCoverage="0" isConstructor="false" isStatic="true" isGetter="true" isSetter="false">
              <Summary numSequencePoints="15" visitedSequencePoints="0" numBranchPoints="7" visitedBranchPoints="0" sequenceCoverage="0" branchCoverage="0" maxCyclomaticComplexity="4" minCyclomaticComplexity="4" visitedClasses="0" numClasses="0" visitedMethods="0" numMethods="1" />
              <MetadataToken>100663402</MetadataToken>
              <Name>KCDModMerger.OSVersionInfo/ProcessorArchitecture KCDModMerger.OSVersionInfo::get_ProcessorBits()</Name>
              <FileRef uid="1" />
              <SequencePoints>
                <SequencePoint vc="0" uspid="38" ordinal="0" offset="0" sl="201" sc="17" el="201" ec="59" bec="0" bev="0" fileid="1" />
                <SequencePoint vc="0" uspid="39" ordinal="1" offset="2" sl="205" sc="21" el="205" ec="59" bec="0" bev="0" fileid="1" />
                <SequencePoint vc="0" uspid="40" ordinal="2" offset="10" sl="206" sc="21" el="206" ec="60" bec="0" bev="0" fileid="1" />
                <SequencePoint vc="0" uspid="41" ordinal="3" offset="17" sl="208" sc="21" el="208" ec="81" bec="6" bev="0" fileid="1" />
                <SequencePoint vc="0" uspid="42" ordinal="4" offset="41" sl="211" sc="29" el="211" ec="65" bec="0" bev="0" fileid="1" />
                <SequencePoint vc="0" uspid="43" ordinal="5" offset="43" sl="212" sc="29" el="212" ec="35" bec="0" bev="0" fileid="1" />
                <SequencePoint vc="0" uspid="44" ordinal="6" offset="45" sl="214" sc="29" el="214" ec="69" bec="0" bev="0" fileid="1" />
                <SequencePoint vc="0" uspid="45" ordinal="7" offset="47" sl="215" sc="29" el="215" ec="35" bec="0" bev="0" fileid="1" />
                <SequencePoint vc="0" uspid="46" ordinal="8" offset="49" sl="217" sc="29" el="217" ec="65" bec="0" bev="0" fileid="1" />
                <SequencePoint vc="0" uspid="47" ordinal="9" offset="51" sl="218" sc="29" el="218" ec="35" bec="0" bev="0" fileid="1" />
                <SequencePoint vc="0" uspid="48" ordinal="10" offset="53" sl="220" sc="29" el="220" ec="67" bec="0" bev="0" fileid="1" />
                <SequencePoint vc="0" uspid="49" ordinal="11" offset="55" sl="223" sc="17" el="223" ec="18" bec="0" bev="0" fileid="1" />
                <SequencePoint vc="0" uspid="50" ordinal="12" offset="57" sl="224" sc="17" el="224" ec="22" bec="0" bev="0" fileid="1" />
                <SequencePoint vc="0" uspid="51" ordinal="13" offset="58" sl="227" sc="17" el="227" ec="18" bec="0" bev="0" fileid="1" />
                <SequencePoint vc="0" uspid="52" ordinal="14" offset="60" sl="229" sc="17" el="229" ec="30" bec="0" bev="0" fileid="1" />
              </SequencePoints>
              <BranchPoints>
                <BranchPoint vc="0" uspid="53" ordinal="0" offset="30" sl="208" path="0" offsetend="32" fileid="1" />
                <BranchPoint vc="0" uspid="54" ordinal="1" offset="30" sl="208" path="1" offsetend="49" fileid="1" />
                <BranchPoint vc="0" uspid="55" ordinal="2" offset="34" sl="208" path="0" offsetend="36" fileid="1" />
                <BranchPoint vc="0" uspid="56" ordinal="3" offset="34" sl="208" path="1" offsetend="45" fileid="1" />
                <BranchPoint vc="0" uspid="57" ordinal="4" offset="39" sl="208" path="0" offsetend="41" fileid="1" />
                <BranchPoint vc="0" uspid="58" ordinal="5" offset="39" sl="208" path="1" offsetend="53" fileid="1" />
              </BranchPoints>
              <MethodPoint xsi:type="SequencePoint" vc="0" uspid="38" ordinal="0" offset="0" sl="201" sc="17" el="201" ec="59" bec="0" bev="0" fileid="1" />
            </Method>
            <Method visited="false" cyclomaticComplexity="92" nPathComplexity="76546048" sequenceCoverage="0" branchCoverage="0" isConstructor="false" isStatic="true" isGetter="true" isSetter="false">
              <Summary numSequencePoints="189" visitedSequencePoints="0" numBranchPoints="114" visitedBranchPoints="0" sequenceCoverage="0" branchCoverage="0" maxCyclomaticComplexity="92" minCyclomaticComplexity="92" visitedClasses="0" numClasses="0" visitedMethods="0" numMethods="1" />
              <MetadataToken>100663403</MetadataToken>
              <Name>System.String KCDModMerger.OSVersionInfo::get_Edition()</Name>
              <FileRef uid="1" />
              <SequencePoints>
                <SequencePoint vc="0" uspid="59" ordinal="0" offset="0" sl="246" sc="17" el="246" ec="39" bec="2" bev="0" fileid="1" />
                <SequencePoint vc="0" uspid="60" ordinal="1" offset="7" sl="247" sc="21" el="247" ec="38" bec="0" bev="0" fileid="1" />
                <SequencePoint vc="0" uspid="61" ordinal="2" offset="13" sl="249" sc="17" el="249" ec="44" bec="0" bev="0" fileid="1" />
                <SequencePoint vc="0" uspid="62" ordinal="3" offset="19" sl="251" sc="17" el="251" ec="55" bec="0" bev="0" fileid="1" />
                <SequencePoint vc="0" uspid="63" ordinal="4" offset="25" sl="252" sc="17" el="252" ec="59" bec="0" bev="0" fileid="1" />
                <SequencePoint vc="0" uspid="64" ordinal="5" offset="33" sl="253" sc="17" el="253" ec="93" bec="0" bev="0" fileid="1" />
                <SequencePoint vc="0" uspid="65" ordinal="6" offset="55" sl="255" sc="17" el="255" ec="53" bec="2" bev="0" fileid="1" />
                <SequencePoint vc="0" uspid="66" ordinal="7" offset="67" sl="257" sc="21" el="257" ec="64" bec="0" bev="0" fileid="1" />
                <SequencePoint vc="0" uspid="67" ordinal="8" offset="79" sl="258" sc="21" el="258" ec="64" bec="0" bev="0" fileid="1" />
                <SequencePoint vc="0" uspid="68" ordinal="9" offset="92" sl="259" sc="21" el="259" ec="66" bec="0" bev="0" fileid="1" />
                <SequencePoint vc="0" uspid="69" ordinal="10" offset="100" sl="260" sc="21" el="260" ec="62" bec="0" bev="0" fileid="1" />
                <SequencePoint vc="0" uspid="70" ordinal="11" offset="108" sl="264" sc="21" el="264" ec="43" bec="2" bev="0" fileid="1" />
                <SequencePoint vc="0" uspid="71" ordinal="12" offset="112" sl="266" sc="25" el="266" ec="63" bec="2" bev="0" fileid="1" />
                <SequencePoint vc="0" uspid="72" ordinal="13" offset="117" sl="267" sc="29" el="267" ec="53" bec="0" bev="0" fileid="1" />
                <SequencePoint vc="0" uspid="73" ordinal="14" offset="128" sl="268" sc="30" el="268" ec="63" bec="2" bev="0" fileid="1" />
                <SequencePoint vc="0" uspid="74" ordinal="15" offset="136" sl="269" sc="29" el="269" ec="73" bec="2" bev="0" fileid="1" />
                <SequencePoint vc="0" uspid="75" ordinal="16" offset="142" sl="270" sc="33" el="270" ec="63" bec="0" bev="0" fileid="1" />
                <SequencePoint vc="0" uspid="76" ordinal="17" offset="153" sl="272" sc="33" el="272" ec="61" bec="0" bev="0" fileid="1" />
                <SequencePoint vc="0" uspid="77" ordinal="18" offset="159" sl="273" sc="21" el="273" ec="22" bec="0" bev="0" fileid="1" />
                <SequencePoint vc="0" uspid="78" ordinal="19" offset="164" sl="279" sc="26" el="279" ec="48" bec="2" bev="0" fileid="1" />
                <SequencePoint vc="0" uspid="79" ordinal="20" offset="171" sl="281" sc="25" el="281" ec="63" bec="2" bev="0" fileid="1" />
                <SequencePoint vc="0" uspid="80" ordinal="21" offset="176" sl="282" sc="29" el="282" ec="71" bec="2" bev="0" fileid="1" />
                <SequencePoint vc="0" uspid="81" ordinal="22" offset="186" sl="284" sc="33" el="284" ec="50" bec="0" bev="0" fileid="1" />
                <SequencePoint vc="0" uspid="82" ordinal="23" offset="192" sl="285" sc="29" el="285" ec="30" bec="0" bev="0" fileid="1" />
                <SequencePoint vc="0" uspid="83" ordinal="24" offset="197" sl="288" sc="33" el="288" ec="63" bec="2" bev="0" fileid="1" />
                <SequencePoint vc="0" uspid="84" ordinal="25" offset="206" sl="289" sc="37" el="289" ec="62" bec="0" bev="0" fileid="1" />
                <SequencePoint vc="0" uspid="85" ordinal="26" offset="217" sl="291" sc="37" el="291" ec="64" bec="0" bev="0" fileid="1" />
                <SequencePoint vc="0" uspid="86" ordinal="27" offset="228" sl="293" sc="30" el="293" ec="63" bec="2" bev="0" fileid="1" />
                <SequencePoint vc="0" uspid="87" ordinal="28" offset="236" sl="294" sc="29" el="294" ec="51" bec="2" bev="0" fileid="1" />
                <SequencePoint vc="0" uspid="88" ordinal="29" offset="240" sl="296" sc="33" el="296" ec="77" bec="2" bev="0" fileid="1" />
                <SequencePoint vc="0" uspid="89" ordinal="30" offset="250" sl="297" sc="37" el="297" ec="67" bec="0" bev="0" fileid="1" />
                <SequencePoint vc="0" uspid="90" ordinal="31" offset="261" sl="298" sc="38" el="298" ec="82" bec="2" bev="0" fileid="1" />
                <SequencePoint vc="0" uspid="91" ordinal="32" offset="267" sl="299" sc="37" el="299" ec="65" bec="0" bev="0" fileid="1" />
                <SequencePoint vc="0" uspid="92" ordinal="33" offset="278" sl="301" sc="37" el="301" ec="56" bec="0" bev="0" fileid="1" />
                <SequencePoint vc="0" uspid="93" ordinal="34" offset="284" sl="302" sc="29" el="302" ec="30" bec="0" bev="0" fileid="1" />
                <SequencePoint vc="0" uspid="94" ordinal="35" offset="289" sl="305" sc="33" el="305" ec="77" bec="2" bev="0" fileid="1" />
                <SequencePoint vc="0" uspid="95" ordinal="36" offset="299" sl="306" sc="37" el="306" ec="60" bec="0" bev="0" fileid="1" />
                <SequencePoint vc="0" uspid="96" ordinal="37" offset="310" sl="307" sc="38" el="307" ec="82" bec="2" bev="0" fileid="1" />
                <SequencePoint vc="0" uspid="97" ordinal="38" offset="316" sl="308" sc="37" el="308" ec="60" bec="0" bev="0" fileid="1" />
                <SequencePoint vc="0" uspid="98" ordinal="39" offset="327" sl="309" sc="38" el="309" ec="77" bec="2" bev="0" fileid="1" />
                <SequencePoint vc="0" uspid="99" ordinal="40" offset="337" sl="310" sc="37" el="310" ec="61" bec="0" bev="0" fileid="1" />
                <SequencePoint vc="0" uspid="100" ordinal="41" offset="348" sl="312" sc="37" el="312" ec="58" bec="0" bev="0" fileid="1" />
                <SequencePoint vc="0" uspid="101" ordinal="42" offset="354" sl="314" sc="21" el="314" ec="22" bec="0" bev="0" fileid="1" />
                <SequencePoint vc="0" uspid="102" ordinal="43" offset="359" sl="320" sc="26" el="320" ec="48" bec="2" bev="0" fileid="1" />
                <SequencePoint vc="0" uspid="103" ordinal="44" offset="366" sl="323" sc="25" el="325" ec="37" bec="2" bev="0" fileid="1" />
                <SequencePoint vc="0" uspid="104" ordinal="45" offset="393" sl="326" sc="29" el="326" ec="40" bec="71" bev="0" fileid="1" />
                <SequencePoint vc="0" uspid="105" ordinal="46" offset="693" sl="329" sc="37" el="329" ec="58" bec="0" bev="0" fileid="1" />
                <SequencePoint vc="0" uspid="106" ordinal="47" offset="699" sl="330" sc="37" el="330" ec="43" bec="0" bev="0" fileid="1" />
                <SequencePoint vc="0" uspid="107" ordinal="48" offset="704" sl="332" sc="37" el="332" ec="60" bec="0" bev="0" fileid="1" />
                <SequencePoint vc="0" uspid="108" ordinal="49" offset="710" sl="333" sc="37" el="333" ec="43" bec="0" bev="0" fileid="1" />
                <SequencePoint vc="0" uspid="109" ordinal="50" offset="715" sl="335" sc="37" el="335" ec="61" bec="0" bev="0" fileid="1" />
                <SequencePoint vc="0" uspid="110" ordinal="51" offset="721" sl="336" sc="37" el="336" ec="43" bec="0" bev="0" fileid="1" />
                <SequencePoint vc="0" uspid="111" ordinal="52" offset="726" sl="338" sc="37" el="338" ec="77" bec="0" bev="0" fileid="1" />
                <SequencePoint vc="0" uspid="112" ordinal="53" offset="732" sl="339" sc="37" el="339" ec="43" bec="0" bev="0" fileid="1" />
                <SequencePoint vc="0" uspid="113" ordinal="54" offset="737" sl="341" sc="37" el="341" ec="67" bec="0" bev="0" fileid="1" />
                <SequencePoint vc="0" uspid="114" ordinal="55" offset="743" sl="342" sc="37" el="342" ec="43" bec="0" bev="0" fileid="1" />
                <SequencePoint vc="0" uspid="115" ordinal="56" offset="748" sl="344" sc="37" el="344" ec="87" bec="0" bev="0" fileid="1" />
                <SequencePoint vc="0" uspid="116" ordinal="57" offset="754" sl="345" sc="37" el="345" ec="43" bec="0" bev="0" fileid="1" />
                <SequencePoint vc="0" uspid="117" ordinal="58" offset="759" sl="347" sc="37" el="347" ec="83" bec="0" bev="0" fileid="1" />
                <SequencePoint vc="0" uspid="118" ordinal="59" offset="765" sl="348" sc="37" el="348" ec="43" bec="0" bev="0" fileid="1" />
                <SequencePoint vc="0" uspid="119" ordinal="60" offset="770" sl="350" sc="37" el="350" ec="103" bec="0" bev="0" fileid="1" />
                <SequencePoint vc="0" uspid="120" ordinal="61" offset="776" sl="351" sc="37" el="351" ec="43" bec="0" bev="0" fileid="1" />
                <SequencePoint vc="0" uspid="121" ordinal="62" offset="781" sl="353" sc="37" el="353" ec="58" bec="0" bev="0" fileid="1" />
                <SequencePoint vc="0" uspid="122" ordinal="63" offset="787" sl="354" sc="37" el="354" ec="43" bec="0" bev="0" fileid="1" />
                <SequencePoint vc="0" uspid="123" ordinal="64" offset="792" sl="356" sc="37" el="356" ec="60" bec="0" bev="0" fileid="1" />
                <SequencePoint vc="0" uspid="124" ordinal="65" offset="798" sl="357" sc="37" el="357" ec="43" bec="0" bev="0" fileid="1" />
                <SequencePoint vc="0" uspid="125" ordinal="66" offset="803" sl="359" sc="37" el="359" ec="62" bec="0" bev="0" fileid="1" />
                <SequencePoint vc="0" uspid="126" ordinal="67" offset="809" sl="360" sc="37" el="360" ec="43" bec="0" bev="0" fileid="1" />
                <SequencePoint vc="0" uspid="127" ordinal="68" offset="814" sl="362" sc="37" el="362" ec="62" bec="0" bev="0" fileid="1" />
                <SequencePoint vc="0" uspid="128" ordinal="69" offset="820" sl="363" sc="37" el="363" ec="43" bec="0" bev="0" fileid="1" />
                <SequencePoint vc="0" uspid="129" ordinal="70" offset="825" sl="365" sc="37" el="365" ec="67" bec="0" bev="0" fileid="1" />
                <SequencePoint vc="0" uspid="130" ordinal="71" offset="831" sl="366" sc="37" el="366" ec="43" bec="0" bev="0" fileid="1" />
                <SequencePoint vc="0" uspid="131" ordinal="72" offset="836" sl="368" sc="37" el="368" ec="87" bec="0" bev="0" fileid="1" />
                <SequencePoint vc="0" uspid="132" ordinal="73" offset="842" sl="369" sc="37" el="369" ec="43" bec="0" bev="0" fileid="1" />
                <SequencePoint vc="0" uspid="133" ordinal="74" offset="847" sl="371" sc="37" el="371" ec="103" bec="0" bev="0" fileid="1" />
                <SequencePoint vc="0" uspid="134" ordinal="75" offset="853" sl="372" sc="37" el="372" ec="43" bec="0" bev="0" fileid="1" />
                <SequencePoint vc="0" uspid="135" ordinal="76" offset="858" sl="374" sc="37" el="374" ec="93" bec="0" bev="0" fileid="1" />
                <SequencePoint vc="0" uspid="136" ordinal="77" offset="864" sl="375" sc="37" el="375" ec="43" bec="0" bev="0" fileid="1" />
                <SequencePoint vc="0" uspid="137" ordinal="78" offset="869" sl="377" sc="37" el="377" ec="83" bec="0" bev="0" fileid="1" />
                <SequencePoint vc="0" uspid="138" ordinal="79" offset="875" sl="378" sc="37" el="378" ec="43" bec="0" bev="0" fileid="1" />
                <SequencePoint vc="0" uspid="139" ordinal="80" offset="880" sl="380" sc="37" el="380" ec="80" bec="0" bev="0" fileid="1" />
                <SequencePoint vc="0" uspid="140" ordinal="81" offset="886" sl="381" sc="37" el="381" ec="43" bec="0" bev="0" fileid="1" />
                <SequencePoint vc="0" uspid="141" ordinal="82" offset="891" sl="383" sc="37" el="383" ec="80" bec="0" bev="0" fileid="1" />
                <SequencePoint vc="0" uspid="142" ordinal="83" offset="897" sl="384" sc="37" el="384" ec="43" bec="0" bev="0" fileid="1" />
                <SequencePoint vc="0" uspid="143" ordinal="84" offset="902" sl="386" sc="37" el="386" ec="83" bec="0" bev="0" fileid="1" />
                <SequencePoint vc="0" uspid="144" ordinal="85" offset="908" sl="387" sc="37" el="387" ec="43" bec="0" bev="0" fileid="1" />
                <SequencePoint vc="0" uspid="145" ordinal="86" offset="913" sl="389" sc="37" el="389" ec="83" bec="0" bev="0" fileid="1" />
                <SequencePoint vc="0" uspid="146" ordinal="87" offset="919" sl="390" sc="37" el="390" ec="43" bec="0" bev="0" fileid="1" />
                <SequencePoint vc="0" uspid="147" ordinal="88" offset="924" sl="392" sc="37" el="392" ec="60" bec="0" bev="0" fileid="1" />
                <SequencePoint vc="0" uspid="148" ordinal="89" offset="930" sl="393" sc="37" el="393" ec="43" bec="0" bev="0" fileid="1" />
                <SequencePoint vc="0" uspid="149" ordinal="90" offset="935" sl="395" sc="37" el="395" ec="62" bec="0" bev="0" fileid="1" />
                <SequencePoint vc="0" uspid="150" ordinal="91" offset="941" sl="396" sc="37" el="396" ec="43" bec="0" bev="0" fileid="1" />
                <SequencePoint vc="0" uspid="151" ordinal="92" offset="946" sl="398" sc="37" el="398" ec="62" bec="0" bev="0" fileid="1" />
                <SequencePoint vc="0" uspid="152" ordinal="93" offset="952" sl="399" sc="37" el="399" ec="43" bec="0" bev="0" fileid="1" />
                <SequencePoint vc="0" uspid="153" ordinal="94" offset="957" sl="401" sc="37" el="401" ec="62" bec="0" bev="0" fileid="1" />
                <SequencePoint vc="0" uspid="154" ordinal="95" offset="963" sl="402" sc="37" el="402" ec="43" bec="0" bev="0" fileid="1" />
                <SequencePoint vc="0" uspid="155" ordinal="96" offset="968" sl="404" sc="37" el="404" ec="64" bec="0" bev="0" fileid="1" />
                <SequencePoint vc="0" uspid="156" ordinal="97" offset="974" sl="405" sc="37" el="405" ec="43" bec="0" bev="0" fileid="1" />
                <SequencePoint vc="0" uspid="157" ordinal="98" offset="979" sl="407" sc="37" el="407" ec="64" bec="0" bev="0" fileid="1" />
                <SequencePoint vc="0" uspid="158" ordinal="99" offset="985" sl="408" sc="37" el="408" ec="43" bec="0" bev="0" fileid="1" />
                <SequencePoint vc="0" uspid="159" ordinal="100" offset="990" sl="410" sc="37" el="410" ec="69" bec="0" bev="0" fileid="1" />
                <SequencePoint vc="0" uspid="160" ordinal="101" offset="996" sl="411" sc="37" el="411" ec="43" bec="0" bev="0" fileid="1" />
                <SequencePoint vc="0" uspid="161" ordinal="102" offset="1001" sl="413" sc="37" el="413" ec="74" bec="0" bev="0" fileid="1" />
                <SequencePoint vc="0" uspid="162" ordinal="103" offset="1007" sl="414" sc="37" el="414" ec="43" bec="0" bev="0" fileid="1" />
                <SequencePoint vc="0" uspid="163" ordinal="104" offset="1012" sl="416" sc="37" el="416" ec="94" bec="0" bev="0" fileid="1" />
                <SequencePoint vc="0" uspid="164" ordinal="105" offset="1018" sl="417" sc="37" el="417" ec="43" bec="0" bev="0" fileid="1" />
                <SequencePoint vc="0" uspid="165" ordinal="106" offset="1023" sl="419" sc="37" el="419" ec="93" bec="0" bev="0" fileid="1" />
                <SequencePoint vc="0" uspid="166" ordinal="107" offset="1029" sl="420" sc="37" el="420" ec="43" bec="0" bev="0" fileid="1" />
                <SequencePoint vc="0" uspid="167" ordinal="108" offset="1034" sl="422" sc="37" el="422" ec="92" bec="0" bev="0" fileid="1" />
                <SequencePoint vc="0" uspid="168" ordinal="109" offset="1040" sl="423" sc="37" el="423" ec="43" bec="0" bev="0" fileid="1" />
                <SequencePoint vc="0" uspid="169" ordinal="110" offset="1045" sl="425" sc="37" el="425" ec="62" bec="0" bev="0" fileid="1" />
                <SequencePoint vc="0" uspid="170" ordinal="111" offset="1051" sl="426" sc="37" el="426" ec="43" bec="0" bev="0" fileid="1" />
                <SequencePoint vc="0" uspid="171" ordinal="112" offset="1056" sl="428" sc="37" el="428" ec="64" bec="0" bev="0" fileid="1" />
                <SequencePoint vc="0" uspid="172" ordinal="113" offset="1062" sl="429" sc="37" el="429" ec="43" bec="0" bev="0" fileid="1" />
                <SequencePoint vc="0" uspid="173" ordinal="114" offset="1067" sl="431" sc="37" el="431" ec="64" bec="0" bev="0" fileid="1" />
                <SequencePoint vc="0" uspid="174" ordinal="115" offset="1073" sl="432" sc="37" el="432" ec="43" bec="0" bev="0" fileid="1" />
                <SequencePoint vc="0" uspid="175" ordinal="116" offset="1078" sl="434" sc="37" el="434" ec="68" bec="0" bev="0" fileid="1" />
                <SequencePoint vc="0" uspid="176" ordinal="117" offset="1084" sl="435" sc="37" el="435" ec="43" bec="0" bev="0" fileid="1" />
                <SequencePoint vc="0" uspid="177" ordinal="118" offset="1089" sl="437" sc="37" el="437" ec="71" bec="0" bev="0" fileid="1" />
                <SequencePoint vc="0" uspid="178" ordinal="119" offset="1095" sl="438" sc="37" el="438" ec="43" bec="0" bev="0" fileid="1" />
                <SequencePoint vc="0" uspid="179" ordinal="120" offset="1100" sl="440" sc="37" el="440" ec="73" bec="0" bev="0" fileid="1" />
                <SequencePoint vc="0" uspid="180" ordinal="121" offset="1106" sl="441" sc="37" el="441" ec="43" bec="0" bev="0" fileid="1" />
                <SequencePoint vc="0" uspid="181" ordinal="122" offset="1111" sl="443" sc="37" el="443" ec="76" bec="0" bev="0" fileid="1" />
                <SequencePoint vc="0" uspid="182" ordinal="123" offset="1117" sl="444" sc="37" el="444" ec="43" bec="0" bev="0" fileid="1" />
                <SequencePoint vc="0" uspid="183" ordinal="124" offset="1122" sl="446" sc="37" el="446" ec="84" bec="0" bev="0" fileid="1" />
                <SequencePoint vc="0" uspid="184" ordinal="125" offset="1128" sl="447" sc="37" el="447" ec="43" bec="0" bev="0" fileid="1" />
                <SequencePoint vc="0" uspid="185" ordinal="126" offset="1133" sl="449" sc="37" el="449" ec="100" bec="0" bev="0" fileid="1" />
                <SequencePoint vc="0" uspid="186" ordinal="127" offset="1139" sl="450" sc="37" el="450" ec="43" bec="0" bev="0" fileid="1" />
                <SequencePoint vc="0" uspid="187" ordinal="128" offset="1144" sl="452" sc="37" el="452" ec="67" bec="0" bev="0" fileid="1" />
                <SequencePoint vc="0" uspid="188" ordinal="129" offset="1150" sl="453" sc="37" el="453" ec="43" bec="0" bev="0" fileid="1" />
                <SequencePoint vc="0" uspid="189" ordinal="130" offset="1155" sl="455" sc="37" el="455" ec="79" bec="0" bev="0" fileid="1" />
                <SequencePoint vc="0" uspid="190" ordinal="131" offset="1161" sl="456" sc="37" el="456" ec="43" bec="0" bev="0" fileid="1" />
                <SequencePoint vc="0" uspid="191" ordinal="132" offset="1166" sl="458" sc="37" el="458" ec="87" bec="0" bev="0" fileid="1" />
                <SequencePoint vc="0" uspid="192" ordinal="133" offset="1172" sl="459" sc="37" el="459" ec="43" bec="0" bev="0" fileid="1" />
                <SequencePoint vc="0" uspid="193" ordinal="134" offset="1177" sl="461" sc="37" el="461" ec="107" bec="0" bev="0" fileid="1" />
                <SequencePoint vc="0" uspid="194" ordinal="135" offset="1183" sl="462" sc="37" el="462" ec="43" bec="0" bev="0" fileid="1" />
                <SequencePoint vc="0" uspid="195" ordinal="136" offset="1188" sl="464" sc="37" el="464" ec="74" bec="0" bev="0" fileid="1" />
                <SequencePoint vc="0" uspid="196" ordinal="137" offset="1194" sl="465" sc="37" el="465" ec="43" bec="0" bev="0" fileid="1" />
                <SequencePoint vc="0" uspid="197" ordinal="138" offset="1199" sl="467" sc="37" el="467" ec="94" bec="0" bev="0" fileid="1" />
                <SequencePoint vc="0" uspid="198" ordinal="139" offset="1205" sl="468" sc="37" el="468" ec="43" bec="0" bev="0" fileid="1" />
                <SequencePoint vc="0" uspid="199" ordinal="140" offset="1210" sl="470" sc="37" el="470" ec="65" bec="0" bev="0" fileid="1" />
                <SequencePoint vc="0" uspid="200" ordinal="141" offset="1216" sl="471" sc="37" el="471" ec="43" bec="0" bev="0" fileid="1" />
                <SequencePoint vc="0" uspid="201" ordinal="142" offset="1221" sl="473" sc="37" el="473" ec="85" bec="0" bev="0" fileid="1" />
                <SequencePoint vc="0" uspid="202" ordinal="143" offset="1227" sl="474" sc="37" el="474" ec="43" bec="0" bev="0" fileid="1" />
                <SequencePoint vc="0" uspid="203" ordinal="144" offset="1232" sl="476" sc="37" el="476" ec="75" bec="0" bev="0" fileid="1" />
                <SequencePoint vc="0" uspid="204" ordinal="145" offset="1238" sl="477" sc="37" el="477" ec="43" bec="0" bev="0" fileid="1" />
                <SequencePoint vc="0" uspid="205" ordinal="146" offset="1243" sl="479" sc="37" el="479" ec="95" bec="0" bev="0" fileid="1" />
                <SequencePoint vc="0" uspid="206" ordinal="147" offset="1249" sl="480" sc="37" el="480" ec="43" bec="0" bev="0" fileid="1" />
                <SequencePoint vc="0" uspid="207" ordinal="148" offset="1254" sl="482" sc="37" el="482" ec="101" bec="0" bev="0" fileid="1" />
                <SequencePoint vc="0" uspid="208" ordinal="149" offset="1260" sl="483" sc="37" el="483" ec="43" bec="0" bev="0" fileid="1" />
                <SequencePoint vc="0" uspid="209" ordinal="150" offset="1265" sl="485" sc="37" el="485" ec="81" bec="0" bev="0" fileid="1" />
                <SequencePoint vc="0" uspid="210" ordinal="151" offset="1271" sl="486" sc="37" el="486" ec="43" bec="0" bev="0" fileid="1" />
                <SequencePoint vc="0" uspid="211" ordinal="152" offset="1276" sl="488" sc="37" el="488" ec="57" bec="0" bev="0" fileid="1" />
                <SequencePoint vc="0" uspid="212" ordinal="153" offset="1282" sl="489" sc="37" el="489" ec="43" bec="0" bev="0" fileid="1" />
                <SequencePoint vc="0" uspid="213" ordinal="154" offset="1284" sl="491" sc="37" el="491" ec="59" bec="0" bev="0" fileid="1" />
                <SequencePoint vc="0" uspid="214" ordinal="155" offset="1290" sl="492" sc="37" el="492" ec="43" bec="0" bev="0" fileid="1" />
                <SequencePoint vc="0" uspid="215" ordinal="156" offset="1292" sl="494" sc="37" el="494" ec="59" bec="0" bev="0" fileid="1" />
                <SequencePoint vc="0" uspid="216" ordinal="157" offset="1298" sl="495" sc="37" el="495" ec="43" bec="0" bev="0" fileid="1" />
                <SequencePoint vc="0" uspid="217" ordinal="158" offset="1300" sl="497" sc="37" el="497" ec="75" bec="0" bev="0" fileid="1" />
                <SequencePoint vc="0" uspid="218" ordinal="159" offset="1306" sl="498" sc="37" el="498" ec="43" bec="0" bev="0" fileid="1" />
                <SequencePoint vc="0" uspid="219" ordinal="160" offset="1308" sl="500" sc="37" el="500" ec="95" bec="0" bev="0" fileid="1" />
                <SequencePoint vc="0" uspid="220" ordinal="161" offset="1314" sl="501" sc="37" el="501" ec="43" bec="0" bev="0" fileid="1" />
                <SequencePoint vc="0" uspid="221" ordinal="162" offset="1316" sl="503" sc="37" el="503" ec="72" bec="0" bev="0" fileid="1" />
                <SequencePoint vc="0" uspid="222" ordinal="163" offset="1322" sl="504" sc="37" el="504" ec="43" bec="0" bev="0" fileid="1" />
                <SequencePoint vc="0" uspid="223" ordinal="164" offset="1324" sl="506" sc="37" el="506" ec="92" bec="0" bev="0" fileid="1" />
                <SequencePoint vc="0" uspid="224" ordinal="165" offset="1330" sl="507" sc="37" el="507" ec="43" bec="0" bev="0" fileid="1" />
                <SequencePoint vc="0" uspid="225" ordinal="166" offset="1332" sl="509" sc="37" el="509" ec="73" bec="0" bev="0" fileid="1" />
                <SequencePoint vc="0" uspid="226" ordinal="167" offset="1338" sl="510" sc="37" el="510" ec="43" bec="0" bev="0" fileid="1" />
                <SequencePoint vc="0" uspid="227" ordinal="168" offset="1340" sl="512" sc="37" el="512" ec="93" bec="0" bev="0" fileid="1" />
                <SequencePoint vc="0" uspid="228" ordinal="169" offset="1346" sl="513" sc="37" el="513" ec="43" bec="0" bev="0" fileid="1" />
                <SequencePoint vc="0" uspid="229" ordinal="170" offset="1348" sl="515" sc="37" el="515" ec="74" bec="0" bev="0" fileid="1" />
                <SequencePoint vc="0" uspid="230" ordinal="171" offset="1354" sl="516" sc="37" el="516" ec="43" bec="0" bev="0" fileid="1" />
                <SequencePoint vc="0" uspid="231" ordinal="172" offset="1356" sl="518" sc="37" el="518" ec="94" bec="0" bev="0" fileid="1" />
                <SequencePoint vc="0" uspid="232" ordinal="173" offset="1362" sl="519" sc="37" el="519" ec="43" bec="0" bev="0" fileid="1" />
                <SequencePoint vc="0" uspid="233" ordinal="174" offset="1364" sl="521" sc="37" el="521" ec="65" bec="0" bev="0" fileid="1" />
                <SequencePoint vc="0" uspid="234" ordinal="175" offset="1370" sl="522" sc="37" el="522" ec="43" bec="0" bev="0" fileid="1" />
                <SequencePoint vc="0" uspid="235" ordinal="176" offset="1372" sl="524" sc="37" el="524" ec="58" bec="0" bev="0" fileid="1" />
                <SequencePoint vc="0" uspid="236" ordinal="177" offset="1378" sl="525" sc="37" el="525" ec="43" bec="0" bev="0" fileid="1" />
                <SequencePoint vc="0" uspid="237" ordinal="178" offset="1380" sl="527" sc="37" el="527" ec="60" bec="0" bev="0" fileid="1" />
                <SequencePoint vc="0" uspid="238" ordinal="179" offset="1386" sl="528" sc="37" el="528" ec="43" bec="0" bev="0" fileid="1" />
                <SequencePoint vc="0" uspid="239" ordinal="180" offset="1388" sl="530" sc="37" el="530" ec="60" bec="0" bev="0" fileid="1" />
                <SequencePoint vc="0" uspid="240" ordinal="181" offset="1394" sl="531" sc="37" el="531" ec="43" bec="0" bev="0" fileid="1" />
                <SequencePoint vc="0" uspid="241" ordinal="182" offset="1396" sl="533" sc="37" el="533" ec="60" bec="0" bev="0" fileid="1" />
                <SequencePoint vc="0" uspid="242" ordinal="183" offset="1402" sl="534" sc="37" el="534" ec="43" bec="0" bev="0" fileid="1" />
                <SequencePoint vc="0" uspid="243" ordinal="184" offset="1404" sl="536" sc="37" el="536" ec="80" bec="0" bev="0" fileid="1" />
                <SequencePoint vc="0" uspid="244" ordinal="185" offset="1410" sl="544" sc="17" el="544" ec="35" bec="2" bev="0" fileid="1" />
                <SequencePoint vc="0" uspid="245" ordinal="186" offset="1423" sl="544" sc="36" el="544" ec="58" bec="0" bev="0" fileid="1" />
                <SequencePoint vc="0" uspid="246" ordinal="187" offset="1429" sl="546" sc="17" el="546" ec="37" bec="0" bev="0" fileid="1" />
                <SequencePoint vc="0" uspid="247" ordinal="188" offset="1435" sl="547" sc="17" el="547" ec="32" bec="0" bev="0" fileid="1" />
              </SequencePoints>
              <BranchPoints>
                <BranchPoint vc="0" uspid="248" ordinal="0" offset="5" sl="246" path="0" offsetend="7" fileid="1" />
                <BranchPoint vc="0" uspid="249" ordinal="1" offset="5" sl="246" path="1" offsetend="13" fileid="1" />
                <BranchPoint vc="0" uspid="250" ordinal="2" offset="62" sl="255" path="0" offsetend="67" fileid="1" />
                <BranchPoint vc="0" uspid="251" ordinal="3" offset="62" sl="255" path="1" offsetend="1410" fileid="1" />
                <BranchPoint vc="0" uspid="252" ordinal="4" offset="110" sl="264" path="0" offsetend="112" fileid="1" />
                <BranchPoint vc="0" uspid="253" ordinal="5" offset="110" sl="264" path="1" offsetend="164" fileid="1" />
                <BranchPoint vc="0" uspid="254" ordinal="6" offset="115" sl="266" path="0" offsetend="117" fileid="1" />
                <BranchPoint vc="0" uspid="255" ordinal="7" offset="115" sl="266" path="1" offsetend="128" fileid="1" />
                <BranchPoint vc="0" uspid="256" ordinal="8" offset="131" sl="268" path="0" offsetend="136" fileid="1" />
                <BranchPoint vc="0" uspid="257" ordinal="9" offset="131" sl="268" path="1" offsetend="1410" fileid="1" />
                <BranchPoint vc="0" uspid="258" ordinal="10" offset="140" sl="269" path="0" offsetend="142" fileid="1" />
                <BranchPoint vc="0" uspid="259" ordinal="11" offset="140" sl="269" path="1" offsetend="153" fileid="1" />
                <BranchPoint vc="0" uspid="260" ordinal="12" offset="166" sl="279" path="0" offsetend="171" fileid="1" />
                <BranchPoint vc="0" uspid="261" ordinal="13" offset="166" sl="279" path="1" offsetend="359" fileid="1" />
                <BranchPoint vc="0" uspid="262" ordinal="14" offset="174" sl="281" path="0" offsetend="176" fileid="1" />
                <BranchPoint vc="0" uspid="263" ordinal="15" offset="174" sl="281" path="1" offsetend="228" fileid="1" />
                <BranchPoint vc="0" uspid="264" ordinal="16" offset="184" sl="282" path="0" offsetend="186" fileid="1" />
                <BranchPoint vc="0" uspid="265" ordinal="17" offset="184" sl="282" path="1" offsetend="197" fileid="1" />
                <BranchPoint vc="0" uspid="266" ordinal="18" offset="204" sl="288" path="0" offsetend="206" fileid="1" />
                <BranchPoint vc="0" uspid="267" ordinal="19" offset="204" sl="288" path="1" offsetend="217" fileid="1" />
                <BranchPoint vc="0" uspid="268" ordinal="20" offset="231" sl="293" path="0" offsetend="236" fileid="1" />
                <BranchPoint vc="0" uspid="269" ordinal="21" offset="231" sl="293" path="1" offsetend="1410" fileid="1" />
                <BranchPoint vc="0" uspid="270" ordinal="22" offset="238" sl="294" path="0" offsetend="240" fileid="1" />
                <BranchPoint vc="0" uspid="271" ordinal="23" offset="238" sl="294" path="1" offsetend="289" fileid="1" />
                <BranchPoint vc="0" uspid="272" ordinal="24" offset="248" sl="296" path="0" offsetend="250" fileid="1" />
                <BranchPoint vc="0" uspid="273" ordinal="25" offset="248" sl="296" path="1" offsetend="261" fileid="1" />
                <BranchPoint vc="0" uspid="274" ordinal="26" offset="265" sl="298" path="0" offsetend="267" fileid="1" />
                <BranchPoint vc="0" uspid="275" ordinal="27" offset="265" sl="298" path="1" offsetend="278" fileid="1" />
                <BranchPoint vc="0" uspid="276" ordinal="28" offset="297" sl="305" path="0" offsetend="299" fileid="1" />
                <BranchPoint vc="0" uspid="277" ordinal="29" offset="297" sl="305" path="1" offsetend="310" fileid="1" />
                <BranchPoint vc="0" uspid="278" ordinal="30" offset="314" sl="307" path="0" offsetend="316" fileid="1" />
                <BranchPoint vc="0" uspid="279" ordinal="31" offset="314" sl="307" path="1" offsetend="327" fileid="1" />
                <BranchPoint vc="0" uspid="280" ordinal="32" offset="335" sl="309" path="0" offsetend="337" fileid="1" />
                <BranchPoint vc="0" uspid="281" ordinal="33" offset="335" sl="309" path="1" offsetend="348" fileid="1" />
                <BranchPoint vc="0" uspid="282" ordinal="34" offset="361" sl="320" path="0" offsetend="366" fileid="1" />
                <BranchPoint vc="0" uspid="283" ordinal="35" offset="361" sl="320" path="1" offsetend="1410" fileid="1" />
                <BranchPoint vc="0" uspid="284" ordinal="36" offset="388" sl="323" path="0" offsetend="393" fileid="1" />
                <BranchPoint vc="0" uspid="285" ordinal="37" offset="388" sl="323" path="1" offsetend="1410" fileid="1" />
                <BranchPoint vc="0" uspid="286" ordinal="38" offset="395" sl="326" path="0" offsetchain="688" offsetend="1410" fileid="1" />
                <BranchPoint vc="0" uspid="287" ordinal="39" offset="395" sl="326" path="1" offsetend="1364" fileid="1" />
                <BranchPoint vc="0" uspid="288" ordinal="40" offset="395" sl="326" path="2" offsetend="1372" fileid="1" />
                <BranchPoint vc="0" uspid="289" ordinal="41" offset="395" sl="326" path="3" offsetend="924" fileid="1" />
                <BranchPoint vc="0" uspid="290" ordinal="42" offset="395" sl="326" path="4" offsetend="957" fileid="1" />
                <BranchPoint vc="0" uspid="291" ordinal="43" offset="395" sl="326" path="5" offsetend="792" fileid="1" />
                <BranchPoint vc="0" uspid="292" ordinal="44" offset="395" sl="326" path="6" offsetend="935" fileid="1" />
                <BranchPoint vc="0" uspid="293" ordinal="45" offset="395" sl="326" path="7" offsetend="693" fileid="1" />
                <BranchPoint vc="0" uspid="294" ordinal="46" offset="395" sl="326" path="8" offsetend="1210" fileid="1" />
                <BranchPoint vc="0" uspid="295" ordinal="47" offset="395" sl="326" path="9" offsetend="737" fileid="1" />
                <BranchPoint vc="0" uspid="296" ordinal="48" offset="395" sl="326" path="10" offsetend="1155" fileid="1" />
                <BranchPoint vc="0" uspid="297" ordinal="49" offset="395" sl="326" path="11" offsetend="825" fileid="1" />
                <BranchPoint vc="0" uspid="298" ordinal="50" offset="395" sl="326" path="12" offsetend="1276" fileid="1" />
                <BranchPoint vc="0" uspid="299" ordinal="51" offset="395" sl="326" path="13" offsetend="748" fileid="1" />
                <BranchPoint vc="0" uspid="300" ordinal="52" offset="395" sl="326" path="14" offsetend="1221" fileid="1" />
                <BranchPoint vc="0" uspid="301" ordinal="53" offset="395" sl="326" path="15" offsetend="836" fileid="1" />
                <BranchPoint vc="0" uspid="302" ordinal="54" offset="395" sl="326" path="16" offsetend="858" fileid="1" />
                <BranchPoint vc="0" uspid="303" ordinal="55" offset="395" sl="326" path="17" offsetend="704" fileid="1" />
                <BranchPoint vc="0" uspid="304" ordinal="56" offset="395" sl="326" path="18" offsetend="1396" fileid="1" />
                <BranchPoint vc="0" uspid="305" ordinal="57" offset="395" sl="326" path="19" offsetend="715" fileid="1" />
                <BranchPoint vc="0" uspid="306" ordinal="58" offset="395" sl="326" path="20" offsetend="1410" fileid="1" />
                <BranchPoint vc="0" uspid="307" ordinal="59" offset="395" sl="326" path="21" offsetend="1316" fileid="1" />
                <BranchPoint vc="0" uspid="308" ordinal="60" offset="395" sl="326" path="22" offsetend="1332" fileid="1" />
                <BranchPoint vc="0" uspid="309" ordinal="61" offset="395" sl="326" path="23" offsetend="1348" fileid="1" />
                <BranchPoint vc="0" uspid="310" ordinal="62" offset="395" sl="326" path="24" offsetend="1300" fileid="1" />
                <BranchPoint vc="0" uspid="311" ordinal="63" offset="395" sl="326" path="25" offsetend="1122" fileid="1" />
                <BranchPoint vc="0" uspid="312" ordinal="64" offset="395" sl="326" path="26" offsetend="1166" fileid="1" />
                <BranchPoint vc="0" uspid="313" ordinal="65" offset="395" sl="326" path="27" offsetend="968" fileid="1" />
                <BranchPoint vc="0" uspid="314" ordinal="66" offset="395" sl="326" path="28" offsetend="803" fileid="1" />
                <BranchPoint vc="0" uspid="315" ordinal="67" offset="395" sl="326" path="29" offsetend="1380" fileid="1" />
                <BranchPoint vc="0" uspid="316" ordinal="68" offset="395" sl="326" path="30" offsetend="1404" fileid="1" />
                <BranchPoint vc="0" uspid="317" ordinal="69" offset="395" sl="326" path="31" offsetend="1012" fileid="1" />
                <BranchPoint vc="0" uspid="318" ordinal="70" offset="395" sl="326" path="32" offsetend="1034" fileid="1" />
                <BranchPoint vc="0" uspid="319" ordinal="71" offset="395" sl="326" path="33" offsetend="1023" fileid="1" />
                <BranchPoint vc="0" uspid="320" ordinal="72" offset="395" sl="326" path="34" offsetend="1144" fileid="1" />
                <BranchPoint vc="0" uspid="321" ordinal="73" offset="395" sl="326" path="35" offsetend="990" fileid="1" />
                <BranchPoint vc="0" uspid="322" ordinal="74" offset="395" sl="326" path="36" offsetend="1133" fileid="1" />
                <BranchPoint vc="0" uspid="323" ordinal="75" offset="395" sl="326" path="37" offsetend="1265" fileid="1" />
                <BranchPoint vc="0" uspid="324" ordinal="76" offset="395" sl="326" path="38" offsetend="759" fileid="1" />
                <BranchPoint vc="0" uspid="325" ordinal="77" offset="395" sl="326" path="39" offsetend="869" fileid="1" />
                <BranchPoint vc="0" uspid="326" ordinal="78" offset="395" sl="326" path="40" offsetend="770" fileid="1" />
                <BranchPoint vc="0" uspid="327" ordinal="79" offset="395" sl="326" path="41" offsetend="1254" fileid="1" />
                <BranchPoint vc="0" uspid="328" ordinal="80" offset="395" sl="326" path="42" offsetend="847" fileid="1" />
                <BranchPoint vc="0" uspid="329" ordinal="81" offset="395" sl="326" path="43" offsetend="1001" fileid="1" />
                <BranchPoint vc="0" uspid="330" ordinal="82" offset="395" sl="326" path="44" offsetend="1324" fileid="1" />
                <BranchPoint vc="0" uspid="331" ordinal="83" offset="395" sl="326" path="45" offsetend="1340" fileid="1" />
                <BranchPoint vc="0" uspid="332" ordinal="84" offset="395" sl="326" path="46" offsetend="1356" fileid="1" />
                <BranchPoint vc="0" uspid="333" ordinal="85" offset="395" sl="326" path="47" offsetend="1308" fileid="1" />
                <BranchPoint vc="0" uspid="334" ordinal="86" offset="395" sl="326" path="48" offsetend="1284" fileid="1" />
                <BranchPoint vc="0" uspid="335" ordinal="87" offset="395" sl="326" path="49" offsetend="1045" fileid="1" />
                <BranchPoint vc="0" uspid="336" ordinal="88" offset="395" sl="326" path="50" offsetend="1056" fileid="1" />
                <BranchPoint vc="0" uspid="337" ordinal="89" offset="395" sl="326" path="51" offsetend="1078" fileid="1" />
                <BranchPoint vc="0" uspid="338" ordinal="90" offset="395" sl="326" path="52" offsetend="1100" fileid="1" />
                <BranchPoint vc="0" uspid="339" ordinal="91" offset="395" sl="326" path="53" offsetend="1232" fileid="1" />
                <BranchPoint vc="0" uspid="340" ordinal="92" offset="395" sl="326" path="54" offsetend="1243" fileid="1" />
                <BranchPoint vc="0" uspid="341" ordinal="93" offset="395" sl="326" path="55" offsetend="1089" fileid="1" />
                <BranchPoint vc="0" uspid="342" ordinal="94" offset="395" sl="326" path="56" offsetend="1111" fileid="1" />
                <BranchPoint vc="0" uspid="343" ordinal="95" offset="395" sl="326" path="57" offsetend="1188" fileid="1" />
                <BranchPoint vc="0" uspid="344" ordinal="96" offset="395" sl="326" path="58" offsetend="1199" fileid="1" />
                <BranchPoint vc="0" uspid="345" ordinal="97" offset="395" sl="326" path="59" offsetend="1410" fileid="1" />
                <BranchPoint vc="0" uspid="346" ordinal="98" offset="395" sl="326" path="60" offsetend="880" fileid="1" />
                <BranchPoint vc="0" uspid="347" ordinal="99" offset="395" sl="326" path="61" offsetend="891" fileid="1" />
                <BranchPoint vc="0" uspid="348" ordinal="100" offset="395" sl="326" path="62" offsetend="902" fileid="1" />
                <BranchPoint vc="0" uspid="349" ordinal="101" offset="395" sl="326" path="63" offsetend="913" fileid="1" />
                <BranchPoint vc="0" uspid="350" ordinal="102" offset="395" sl="326" path="64" offsetend="1177" fileid="1" />
                <BranchPoint vc="0" uspid="351" ordinal="103" offset="395" sl="326" path="65" offsetend="726" fileid="1" />
                <BranchPoint vc="0" uspid="352" ordinal="104" offset="395" sl="326" path="66" offsetend="781" fileid="1" />
                <BranchPoint vc="0" uspid="353" ordinal="105" offset="395" sl="326" path="67" offsetend="1292" fileid="1" />
                <BranchPoint vc="0" uspid="354" ordinal="106" offset="395" sl="326" path="68" offsetend="946" fileid="1" />
                <BranchPoint vc="0" uspid="355" ordinal="107" offset="395" sl="326" path="69" offsetend="979" fileid="1" />
                <BranchPoint vc="0" uspid="356" ordinal="108" offset="395" sl="326" path="70" offsetend="1067" fileid="1" />
                <BranchPoint vc="0" uspid="357" ordinal="109" offset="395" sl="326" path="71" offsetend="814" fileid="1" />
                <BranchPoint vc="0" uspid="358" ordinal="110" offset="395" sl="326" path="72" offsetend="1388" fileid="1" />
                <BranchPoint vc="0" uspid="359" ordinal="111" offset="1421" sl="544" path="0" offsetend="1423" fileid="1" />
                <BranchPoint vc="0" uspid="360" ordinal="112" offset="1421" sl="544" path="1" offsetend="1429" fileid="1" />
              </BranchPoints>
              <MethodPoint xsi:type="SequencePoint" vc="0" uspid="59" ordinal="0" offset="0" sl="246" sc="17" el="246" ec="39" bec="2" bev="0" fileid="1" />
            </Method>
            <Method visited="false" cyclomaticComplexity="43" nPathComplexity="268435456" sequenceCoverage="0" branchCoverage="0" isConstructor="false" isStatic="true" isGetter="true" isSetter="false">
              <Summary numSequencePoints="80" visitedSequencePoints="0" numBranchPoints="76" visitedBranchPoints="0" sequenceCoverage="0" branchCoverage="0" maxCyclomaticComplexity="43" minCyclomaticComplexity="43" visitedClasses="0" numClasses="0" visitedMethods="0" numMethods="1" />
              <MetadataToken>100663404</MetadataToken>
              <Name>System.String KCDModMerger.OSVersionInfo::get_Name()</Name>
              <FileRef uid="1" />
              <SequencePoints>
                <SequencePoint vc="0" uspid="361" ordinal="0" offset="0" sl="564" sc="17" el="564" ec="36" bec="2" bev="0" fileid="1" />
                <SequencePoint vc="0" uspid="362" ordinal="1" offset="7" sl="565" sc="21" el="565" ec="35" bec="0" bev="0" fileid="1" />
                <SequencePoint vc="0" uspid="363" ordinal="2" offset="13" sl="567" sc="17" el="567" ec="38" bec="0" bev="0" fileid="1" />
                <SequencePoint vc="0" uspid="364" ordinal="3" offset="19" sl="569" sc="17" el="569" ec="55" bec="0" bev="0" fileid="1" />
                <SequencePoint vc="0" uspid="365" ordinal="4" offset="25" sl="570" sc="17" el="570" ec="59" bec="0" bev="0" fileid="1" />
                <SequencePoint vc="0" uspid="366" ordinal="5" offset="33" sl="571" sc="17" el="571" ec="93" bec="0" bev="0" fileid="1" />
                <SequencePoint vc="0" uspid="367" ordinal="6" offset="55" sl="573" sc="17" el="573" ec="53" bec="2" bev="0" fileid="1" />
                <SequencePoint vc="0" uspid="368" ordinal="7" offset="67" sl="575" sc="21" el="575" ec="64" bec="0" bev="0" fileid="1" />
                <SequencePoint vc="0" uspid="369" ordinal="8" offset="79" sl="576" sc="21" el="576" ec="64" bec="0" bev="0" fileid="1" />
                <SequencePoint vc="0" uspid="370" ordinal="9" offset="92" sl="578" sc="21" el="578" ec="64" bec="3" bev="0" fileid="1" />
                <SequencePoint vc="0" uspid="371" ordinal="10" offset="101" sl="586" sc="25" el="588" ec="55" bec="0" bev="0" fileid="1" />
                <SequencePoint vc="0" uspid="372" ordinal="11" offset="123" sl="589" sc="25" el="589" ec="65" bec="2" bev="0" fileid="1" />
                <SequencePoint vc="0" uspid="373" ordinal="12" offset="132" sl="591" sc="29" el="591" ec="71" bec="0" bev="0" fileid="1" />
                <SequencePoint vc="0" uspid="374" ordinal="13" offset="150" sl="592" sc="29" el="592" ec="76" bec="0" bev="0" fileid="1" />
                <SequencePoint vc="0" uspid="375" ordinal="14" offset="159" sl="593" sc="29" el="593" ec="76" bec="0" bev="0" fileid="1" />
                <SequencePoint vc="0" uspid="376" ordinal="15" offset="168" sl="596" sc="25" el="596" ec="43" bec="2" bev="0" fileid="1" />
                <SequencePoint vc="0" uspid="377" ordinal="16" offset="175" sl="598" sc="29" el="598" ec="47" bec="0" bev="0" fileid="1" />
                <SequencePoint vc="0" uspid="378" ordinal="17" offset="178" sl="599" sc="29" el="599" ec="46" bec="0" bev="0" fileid="1" />
                <SequencePoint vc="0" uspid="379" ordinal="18" offset="181" sl="603" sc="21" el="603" ec="48" bec="5" bev="0" fileid="1" />
                <SequencePoint vc="0" uspid="380" ordinal="19" offset="217" sl="606" sc="29" el="606" ec="50" bec="0" bev="0" fileid="1" />
                <SequencePoint vc="0" uspid="381" ordinal="20" offset="223" sl="607" sc="29" el="607" ec="35" bec="0" bev="0" fileid="1" />
                <SequencePoint vc="0" uspid="382" ordinal="21" offset="228" sl="609" sc="29" el="609" ec="49" bec="0" bev="0" fileid="1" />
                <SequencePoint vc="0" uspid="383" ordinal="22" offset="234" sl="610" sc="29" el="610" ec="35" bec="0" bev="0" fileid="1" />
                <SequencePoint vc="0" uspid="384" ordinal="23" offset="239" sl="613" sc="29" el="613" ec="51" bec="2" bev="0" fileid="1" />
                <SequencePoint vc="0" uspid="385" ordinal="24" offset="246" sl="615" sc="33" el="615" ec="77" bec="0" bev="0" fileid="1" />
                <SequencePoint vc="0" uspid="386" ordinal="25" offset="254" sl="616" sc="33" el="616" ec="54" bec="6" bev="0" fileid="1" />
                <SequencePoint vc="0" uspid="387" ordinal="26" offset="275" sl="619" sc="41" el="619" ec="84" bec="3" bev="0" fileid="1" />
                <SequencePoint vc="0" uspid="388" ordinal="27" offset="303" sl="620" sc="45" el="620" ec="70" bec="0" bev="0" fileid="1" />
                <SequencePoint vc="0" uspid="389" ordinal="28" offset="314" sl="622" sc="45" el="622" ec="65" bec="0" bev="0" fileid="1" />
                <SequencePoint vc="0" uspid="390" ordinal="29" offset="320" sl="623" sc="41" el="623" ec="47" bec="0" bev="0" fileid="1" />
                <SequencePoint vc="0" uspid="391" ordinal="30" offset="325" sl="625" sc="41" el="625" ec="63" bec="2" bev="0" fileid="1" />
                <SequencePoint vc="0" uspid="392" ordinal="31" offset="339" sl="626" sc="45" el="626" ec="80" bec="0" bev="0" fileid="1" />
                <SequencePoint vc="0" uspid="393" ordinal="32" offset="350" sl="628" sc="45" el="628" ec="65" bec="0" bev="0" fileid="1" />
                <SequencePoint vc="0" uspid="394" ordinal="33" offset="356" sl="629" sc="41" el="629" ec="47" bec="0" bev="0" fileid="1" />
                <SequencePoint vc="0" uspid="395" ordinal="34" offset="361" sl="631" sc="41" el="631" ec="61" bec="0" bev="0" fileid="1" />
                <SequencePoint vc="0" uspid="396" ordinal="35" offset="367" sl="632" sc="41" el="632" ec="47" bec="0" bev="0" fileid="1" />
                <SequencePoint vc="0" uspid="397" ordinal="36" offset="372" sl="640" sc="29" el="640" ec="74" bec="0" bev="0" fileid="1" />
                <SequencePoint vc="0" uspid="398" ordinal="37" offset="380" sl="642" sc="29" el="642" ec="50" bec="6" bev="0" fileid="1" />
                <SequencePoint vc="0" uspid="399" ordinal="38" offset="425" sl="645" sc="37" el="645" ec="62" bec="0" bev="0" fileid="1" />
                <SequencePoint vc="0" uspid="400" ordinal="39" offset="431" sl="646" sc="37" el="646" ec="43" bec="0" bev="0" fileid="1" />
                <SequencePoint vc="0" uspid="401" ordinal="40" offset="436" sl="648" sc="37" el="648" ec="57" bec="4" bev="0" fileid="1" />
                <SequencePoint vc="0" uspid="402" ordinal="41" offset="451" sl="651" sc="45" el="651" ec="69" bec="0" bev="0" fileid="1" />
                <SequencePoint vc="0" uspid="403" ordinal="42" offset="457" sl="652" sc="45" el="652" ec="51" bec="0" bev="0" fileid="1" />
                <SequencePoint vc="0" uspid="404" ordinal="43" offset="462" sl="654" sc="45" el="654" ec="76" bec="0" bev="0" fileid="1" />
                <SequencePoint vc="0" uspid="405" ordinal="44" offset="468" sl="655" sc="45" el="655" ec="51" bec="0" bev="0" fileid="1" />
                <SequencePoint vc="0" uspid="406" ordinal="45" offset="473" sl="660" sc="37" el="660" ec="58" bec="4" bev="0" fileid="1" />
                <SequencePoint vc="0" uspid="407" ordinal="46" offset="497" sl="663" sc="45" el="663" ec="67" bec="0" bev="0" fileid="1" />
                <SequencePoint vc="0" uspid="408" ordinal="47" offset="503" sl="664" sc="45" el="664" ec="51" bec="0" bev="0" fileid="1" />
                <SequencePoint vc="0" uspid="409" ordinal="48" offset="508" sl="666" sc="45" el="666" ec="65" bec="0" bev="0" fileid="1" />
                <SequencePoint vc="0" uspid="410" ordinal="49" offset="514" sl="667" sc="45" el="667" ec="51" bec="0" bev="0" fileid="1" />
                <SequencePoint vc="0" uspid="411" ordinal="50" offset="519" sl="669" sc="45" el="669" ec="74" bec="0" bev="0" fileid="1" />
                <SequencePoint vc="0" uspid="412" ordinal="51" offset="525" sl="670" sc="45" el="670" ec="51" bec="0" bev="0" fileid="1" />
                <SequencePoint vc="0" uspid="413" ordinal="52" offset="530" sl="675" sc="37" el="675" ec="58" bec="5" bev="0" fileid="1" />
                <SequencePoint vc="0" uspid="414" ordinal="53" offset="558" sl="678" sc="45" el="678" ec="65" bec="4" bev="0" fileid="1" />
                <SequencePoint vc="0" uspid="415" ordinal="54" offset="573" sl="681" sc="53" el="681" ec="76" bec="0" bev="0" fileid="1" />
                <SequencePoint vc="0" uspid="416" ordinal="55" offset="579" sl="682" sc="53" el="682" ec="59" bec="0" bev="0" fileid="1" />
                <SequencePoint vc="0" uspid="417" ordinal="56" offset="581" sl="684" sc="53" el="684" ec="82" bec="0" bev="0" fileid="1" />
                <SequencePoint vc="0" uspid="418" ordinal="57" offset="587" sl="685" sc="53" el="685" ec="59" bec="0" bev="0" fileid="1" />
                <SequencePoint vc="0" uspid="419" ordinal="58" offset="589" sl="691" sc="45" el="691" ec="65" bec="4" bev="0" fileid="1" />
                <SequencePoint vc="0" uspid="420" ordinal="59" offset="601" sl="694" sc="53" el="694" ec="72" bec="0" bev="0" fileid="1" />
                <SequencePoint vc="0" uspid="421" ordinal="60" offset="607" sl="695" sc="53" el="695" ec="59" bec="0" bev="0" fileid="1" />
                <SequencePoint vc="0" uspid="422" ordinal="61" offset="609" sl="697" sc="53" el="697" ec="85" bec="0" bev="0" fileid="1" />
                <SequencePoint vc="0" uspid="423" ordinal="62" offset="615" sl="698" sc="53" el="698" ec="59" bec="0" bev="0" fileid="1" />
                <SequencePoint vc="0" uspid="424" ordinal="63" offset="617" sl="703" sc="45" el="703" ec="65" bec="4" bev="0" fileid="1" />
                <SequencePoint vc="0" uspid="425" ordinal="64" offset="629" sl="706" sc="53" el="706" ec="72" bec="0" bev="0" fileid="1" />
                <SequencePoint vc="0" uspid="426" ordinal="65" offset="635" sl="707" sc="53" el="707" ec="59" bec="0" bev="0" fileid="1" />
                <SequencePoint vc="0" uspid="427" ordinal="66" offset="637" sl="709" sc="53" el="709" ec="82" bec="0" bev="0" fileid="1" />
                <SequencePoint vc="0" uspid="428" ordinal="67" offset="643" sl="710" sc="53" el="710" ec="59" bec="0" bev="0" fileid="1" />
[...]
              <BranchPoints />
              <MethodPoint xsi:type="SequencePoint" vc="0" uspid="2853" ordinal="0" offset="0" sl="246" sc="13" el="246" ec="74" bec="0" bev="0" fileid="42" />
            </Method>
            <Method visited="false" cyclomaticComplexity="1" nPathComplexity="0" sequenceCoverage="0" branchCoverage="0" isConstructor="false" isStatic="true" isGetter="false" isSetter="false">
              <Summary numSequencePoints="2" visitedSequencePoints="0" numBranchPoints="1" visitedBranchPoints="0" sequenceCoverage="0" branchCoverage="0" maxCyclomaticComplexity="1" minCyclomaticComplexity="1" visitedClasses="0" numClasses="0" visitedMethods="0" numMethods="1" />
              <MetadataToken>100663888</MetadataToken>
              <Name>System.Void KCDModMerger.Logging.Logger::Log(System.String,System.DateTime,System.TimeSpan,System.Object[],System.Exception)</Name>
              <FileRef uid="42" />
              <SequencePoints>
                <SequencePoint vc="0" uspid="2855" ordinal="0" offset="0" sl="261" sc="13" el="261" ec="82" bec="0" bev="0" fileid="42" />
                <SequencePoint vc="0" uspid="2856" ordinal="1" offset="16" sl="262" sc="9" el="262" ec="10" bec="0" bev="0" fileid="42" />
              </SequencePoints>
              <BranchPoints />
              <MethodPoint xsi:type="SequencePoint" vc="0" uspid="2855" ordinal="0" offset="0" sl="261" sc="13" el="261" ec="82" bec="0" bev="0" fileid="42" />
            </Method>
            <Method visited="false" cyclomaticComplexity="1" nPathComplexity="0" sequenceCoverage="0" branchCoverage="0" isConstructor="false" isStatic="true" isGetter="false" isSetter="false">
              <Summary numSequencePoints="2" visitedSequencePoints="0" numBranchPoints="1" visitedBranchPoints="0" sequenceCoverage="0" branchCoverage="0" maxCyclomaticComplexity="1" minCyclomaticComplexity="1" visitedClasses="0" numClasses="0" visitedMethods="0" numMethods="1" />
              <MetadataToken>100663889</MetadataToken>
              <Name>System.Void KCDModMerger.Logging.Logger::Log(System.String,System.Diagnostics.StackTrace,System.DateTime,System.Object[])</Name>
              <FileRef uid="42" />
              <SequencePoints>
                <SequencePoint vc="0" uspid="2857" ordinal="0" offset="0" sl="274" sc="13" el="274" ec="77" bec="0" bev="0" fileid="42" />
                <SequencePoint vc="0" uspid="2858" ordinal="1" offset="14" sl="275" sc="9" el="275" ec="10" bec="0" bev="0" fileid="42" />
              </SequencePoints>
              <BranchPoints />
              <MethodPoint xsi:type="SequencePoint" vc="0" uspid="2857" ordinal="0" offset="0" sl="274" sc="13" el="274" ec="77" bec="0" bev="0" fileid="42" />
            </Method>
            <Method visited="true" cyclomaticComplexity="1" nPathComplexity="0" sequenceCoverage="100" branchCoverage="100" isConstructor="true" isStatic="true" isGetter="false" isSetter="false">
              <Summary numSequencePoints="5" visitedSequencePoints="5" numBranchPoints="1" visitedBranchPoints="1" sequenceCoverage="100" branchCoverage="100" maxCyclomaticComplexity="1" minCyclomaticComplexity="1" visitedClasses="0" numClasses="0" visitedMethods="1" numMethods="1" />
              <MetadataToken>100663890</MetadataToken>
              <Name>System.Void KCDModMerger.Logging.Logger::.cctor()</Name>
              <FileRef uid="42" />
              <SequencePoints>
                <SequencePoint vc="1" uspid="2859" ordinal="0" offset="0" sl="24" sc="9" el="24" ec="72" bec="0" bev="0" fileid="42" />
                <SequencePoint vc="1" uspid="2860" ordinal="1" offset="10" sl="25" sc="9" el="25" ec="92" bec="0" bev="0" fileid="42" />
                <SequencePoint vc="1" uspid="2861" ordinal="2" offset="39" sl="28" sc="9" el="30" ec="34" bec="0" bev="0" fileid="42" />
                <SequencePoint vc="1" uspid="2862" ordinal="3" offset="69" sl="32" sc="9" el="32" ec="77" bec="0" bev="0" fileid="42" />
                <SequencePoint vc="1" uspid="2863" ordinal="4" offset="79" sl="34" sc="9" el="34" ec="102" bec="0" bev="0" fileid="42" />
              </SequencePoints>
              <BranchPoints />
              <MethodPoint xsi:type="SequencePoint" vc="1" uspid="2859" ordinal="0" offset="0" sl="24" sc="9" el="24" ec="72" bec="0" bev="0" fileid="42" />
            </Method>
          </Methods>
        </Class>
        <Class>
          <Summary numSequencePoints="1" visitedSequencePoints="0" numBranchPoints="1" visitedBranchPoints="0" sequenceCoverage="0" branchCoverage="0" maxCyclomaticComplexity="1" minCyclomaticComplexity="1" visitedClasses="0" numClasses="1" visitedMethods="0" numMethods="1" />
          <FullName>KCDModMerger.Logging.Logger/&lt;&gt;c__DisplayClass6_0</FullName>
          <Methods>
            <Method visited="false" cyclomaticComplexity="1" nPathComplexity="0" sequenceCoverage="0" branchCoverage="0" isConstructor="true" isStatic="false" isGetter="false" isSetter="false">
              <Summary numSequencePoints="0" visitedSequencePoints="0" numBranchPoints="0" visitedBranchPoints="0" sequenceCoverage="0" branchCoverage="0" maxCyclomaticComplexity="1" minCyclomaticComplexity="1" visitedClasses="0" numClasses="0" visitedMethods="0" numMethods="0" />
              <MetadataToken>100663891</MetadataToken>
              <Name>System.Void KCDModMerger.Logging.Logger/&lt;&gt;c__DisplayClass6_0::.ctor()</Name>
              <SequencePoints />
              <BranchPoints />
              <MethodPoint vc="0" uspid="2864" ordinal="0" offset="0" />
            </Method>
            <Method visited="false" cyclomaticComplexity="1" nPathComplexity="0" sequenceCoverage="0" branchCoverage="0" isConstructor="false" isStatic="false" isGetter="false" isSetter="false">
              <Summary numSequencePoints="1" visitedSequencePoints="0" numBranchPoints="1" visitedBranchPoints="0" sequenceCoverage="0" branchCoverage="0" maxCyclomaticComplexity="1" minCyclomaticComplexity="1" visitedClasses="0" numClasses="0" visitedMethods="0" numMethods="1" />
              <MetadataToken>100663892</MetadataToken>
              <Name>System.Boolean KCDModMerger.Logging.Logger/&lt;&gt;c__DisplayClass6_0::&lt;Initialize&gt;b__1(KCDModMerger.Logging.LogEntry)</Name>
              <FileRef uid="42" />
              <SequencePoints>
                <SequencePoint vc="0" uspid="2865" ordinal="0" offset="0" sl="53" sc="74" el="53" ec="106" bec="0" bev="0" fileid="42" />
              </SequencePoints>
              <BranchPoints />
              <MethodPoint xsi:type="SequencePoint" vc="0" uspid="2865" ordinal="0" offset="0" sl="53" sc="74" el="53" ec="106" bec="0" bev="0" fileid="42" />
            </Method>
          </Methods>
        </Class>
        <Class>
          <Summary numSequencePoints="14" visitedSequencePoints="0" numBranchPoints="9" visitedBranchPoints="0" sequenceCoverage="0" branchCoverage="0" maxCyclomaticComplexity="7" minCyclomaticComplexity="1" visitedClasses="0" numClasses="1" visitedMethods="0" numMethods="1" />
          <FullName>KCDModMerger.Logging.Logger/&lt;&gt;c</FullName>
          <Methods>
            <Method visited="false" cyclomaticComplexity="1" nPathComplexity="0" sequenceCoverage="0" branchCoverage="0" isConstructor="true" isStatic="true" isGetter="false" isSetter="false">
              <Summary numSequencePoints="0" visitedSequencePoints="0" numBranchPoints="0" visitedBranchPoints="0" sequenceCoverage="0" branchCoverage="0" maxCyclomaticComplexity="1" minCyclomaticComplexity="1" visitedClasses="0" numClasses="0" visitedMethods="0" numMethods="0" />
              <MetadataToken>100663893</MetadataToken>
              <Name>System.Void KCDModMerger.Logging.Logger/&lt;&gt;c::.cctor()</Name>
              <SequencePoints />
              <BranchPoints />
              <MethodPoint vc="0" uspid="2866" ordinal="0" offset="0" />
            </Method>
            <Method visited="false" cyclomaticComplexity="1" nPathComplexity="0" sequenceCoverage="0" branchCoverage="0" isConstructor="true" isStatic="false" isGetter="false" isSetter="false">
              <Summary numSequencePoints="0" visitedSequencePoints="0" numBranchPoints="0" visitedBranchPoints="0" sequenceCoverage="0" branchCoverage="0" maxCyclomaticComplexity="1" minCyclomaticComplexity="1" visitedClasses="0" numClasses="0" visitedMethods="0" numMethods="0" />
              <MetadataToken>100663894</MetadataToken>
              <Name>System.Void KCDModMerger.Logging.Logger/&lt;&gt;c::.ctor()</Name>
              <SequencePoints />
              <BranchPoints />
              <MethodPoint vc="0" uspid="2867" ordinal="0" offset="0" />
            </Method>
            <Method visited="false" cyclomaticComplexity="7" nPathComplexity="16" sequenceCoverage="0" branchCoverage="0" isConstructor="false" isStatic="false" isGetter="false" isSetter="false">
              <Summary numSequencePoints="14" visitedSequencePoints="0" numBranchPoints="9" visitedBranchPoints="0" sequenceCoverage="0" branchCoverage="0" maxCyclomaticComplexity="7" minCyclomaticComplexity="7" visitedClasses="0" numClasses="0" visitedMethods="0" numMethods="1" />
              <MetadataToken>100663895</MetadataToken>
              <Name>System.Void KCDModMerger.Logging.Logger/&lt;&gt;c::&lt;Initialize&gt;b__6_0()</Name>
              <FileRef uid="42" />
              <SequencePoints>
                <SequencePoint vc="0" uspid="2868" ordinal="0" offset="0" sl="47" sc="40" el="47" ec="67" bec="0" bev="0" fileid="42" />
                <SequencePoint vc="0" uspid="2869" ordinal="1" offset="27" sl="47" sc="26" el="47" ec="36" bec="0" bev="0" fileid="42" />
                <SequencePoint vc="0" uspid="2870" ordinal="2" offset="39" sl="49" sc="21" el="49" ec="33" bec="0" bev="0" fileid="42" />
                <SequencePoint vc="0" uspid="2871" ordinal="3" offset="55" sl="51" sc="25" el="51" ec="52" bec="2" bev="0" fileid="42" />
                <SequencePoint vc="0" uspid="2872" ordinal="4" offset="78" sl="53" sc="29" el="53" ec="108" bec="0" bev="0" fileid="42" />
                <SequencePoint vc="0" uspid="2873" ordinal="5" offset="102" sl="55" sc="29" el="55" ec="80" bec="3" bev="0" fileid="42" />
                <SequencePoint vc="0" uspid="2874" ordinal="6" offset="123" sl="57" sc="33" el="57" ec="64" bec="0" bev="0" fileid="42" />
                <SequencePoint vc="0" uspid="2875" ordinal="7" offset="143" sl="58" sc="29" el="58" ec="30" bec="0" bev="0" fileid="42" />
                <SequencePoint vc="0" uspid="2876" ordinal="8" offset="145" sl="61" sc="33" el="61" ec="46" bec="0" bev="0" fileid="42" />
                <SequencePoint vc="0" uspid="2877" ordinal="9" offset="161" sl="63" sc="25" el="63" ec="26" bec="0" bev="0" fileid="42" />
                <SequencePoint vc="0" uspid="2878" ordinal="10" offset="163" sl="66" sc="29" el="66" ec="42" bec="0" bev="0" fileid="42" />
                <SequencePoint vc="0" uspid="2879" ordinal="11" offset="179" sl="68" sc="21" el="68" ec="22" bec="0" bev="0" fileid="42" />
                <SequencePoint vc="0" uspid="2880" ordinal="12" offset="191" sl="47" sc="37" el="47" ec="39" bec="2" bev="0" fileid="42" />
                <SequencePoint vc="0" uspid="2881" ordinal="13" offset="214" sl="70" sc="13" el="70" ec="14" bec="0" bev="0" fileid="42" />
              </SequencePoints>
              <BranchPoints>
                <BranchPoint vc="0" uspid="2882" ordinal="0" offset="76" sl="51" path="0" offsetend="78" fileid="42" />
                <BranchPoint vc="0" uspid="2883" ordinal="1" offset="76" sl="51" path="1" offsetend="163" fileid="42" />
                <BranchPoint vc="0" uspid="2884" ordinal="2" offset="105" sl="55" path="0" offsetend="107" fileid="42" />
                <BranchPoint vc="0" uspid="2885" ordinal="3" offset="105" sl="55" path="1" offsetend="145" fileid="42" />
                <BranchPoint vc="0" uspid="2886" ordinal="4" offset="121" sl="55" path="0" offsetend="123" fileid="42" />
                <BranchPoint vc="0" uspid="2887" ordinal="5" offset="121" sl="55" path="1" offsetend="145" fileid="42" />
                <BranchPoint vc="0" uspid="2888" ordinal="6" offset="197" sl="47" path="0" offsetend="202" fileid="42" />
                <BranchPoint vc="0" uspid="2889" ordinal="7" offset="197" sl="47" path="1" offsetend="21" fileid="42" />
              </BranchPoints>
              <MethodPoint xsi:type="SequencePoint" vc="0" uspid="2868" ordinal="0" offset="0" sl="47" sc="40" el="47" ec="67" bec="0" bev="0" fileid="42" />
            </Method>
          </Methods>
        </Class>
        <Class>
          <Summary numSequencePoints="13" visitedSequencePoints="0" numBranchPoints="5" visitedBranchPoints="0" sequenceCoverage="0" branchCoverage="0" maxCyclomaticComplexity="3" minCyclomaticComplexity="1" visitedClasses="0" numClasses="1" visitedMethods="0" numMethods="3" />
          <FullName>KCDModMerger.Logging.LogInterceptor</FullName>
          <Methods>
            <Method visited="false" cyclomaticComplexity="3" nPathComplexity="2" sequenceCoverage="0" branchCoverage="0" isConstructor="false" isStatic="false" isGetter="false" isSetter="false">
              <Summary numSequencePoints="7" visitedSequencePoints="0" numBranchPoints="3" visitedBranchPoints="0" sequenceCoverage="0" branchCoverage="0" maxCyclomaticComplexity="3" minCyclomaticComplexity="3" visitedClasses="0" numClasses="0" visitedMethods="0" numMethods="1" />
              <MetadataToken>100663896</MetadataToken>
              <Name>System.Void KCDModMerger.Logging.LogInterceptor::OnEnter(System.Type,System.Object,System.Reflection.MethodBase,System.Object[])</Name>
              <FileRef uid="45" />
              <SequencePoints>
                <SequencePoint vc="0" uspid="2890" ordinal="0" offset="0" sl="28" sc="13" el="28" ec="38" bec="0" bev="0" fileid="45" />
                <SequencePoint vc="0" uspid="2891" ordinal="1" offset="11" sl="30" sc="13" el="30" ec="110" bec="2" bev="0" fileid="45" />
                <SequencePoint vc="0" uspid="2892" ordinal="2" offset="64" sl="31" sc="13" el="31" ec="37" bec="0" bev="0" fileid="45" />
                <SequencePoint vc="0" uspid="2893" ordinal="3" offset="75" sl="32" sc="13" el="32" ec="33" bec="0" bev="0" fileid="45" />
                <SequencePoint vc="0" uspid="2894" ordinal="4" offset="83" sl="33" sc="13" el="33" ec="46" bec="0" bev="0" fileid="45" />
                <SequencePoint vc="0" uspid="2895" ordinal="5" offset="94" sl="35" sc="13" el="35" ec="65" bec="0" bev="0" fileid="45" />
                <SequencePoint vc="0" uspid="2896" ordinal="6" offset="123" sl="36" sc="9" el="36" ec="10" bec="0" bev="0" fileid="45" />
              </SequencePoints>
              <BranchPoints>
                <BranchPoint vc="0" uspid="2897" ordinal="0" offset="34" sl="30" path="0" offsetend="36" fileid="45" />
                <BranchPoint vc="0" uspid="2898" ordinal="1" offset="34" sl="30" path="1" offsetend="43" fileid="45" />
              </BranchPoints>
              <MethodPoint xsi:type="SequencePoint" vc="0" uspid="2890" ordinal="0" offset="0" sl="28" sc="13" el="28" ec="38" bec="0" bev="0" fileid="45" />
            </Method>
            <Method visited="false" cyclomaticComplexity="1" nPathComplexity="0" sequenceCoverage="0" branchCoverage="0" isConstructor="false" isStatic="false" isGetter="false" isSetter="false">
              <Summary numSequencePoints="3" visitedSequencePoints="0" numBranchPoints="1" visitedBranchPoints="0" sequenceCoverage="0" branchCoverage="0" maxCyclomaticComplexity="1" minCyclomaticComplexity="1" visitedClasses="0" numClasses="0" visitedMethods="0" numMethods="1" />
              <MetadataToken>100663897</MetadataToken>
              <Name>System.Boolean KCDModMerger.Logging.LogInterceptor::OnException(System.Exception)</Name>
              <FileRef uid="45" />
              <SequencePoints>
                <SequencePoint vc="0" uspid="2899" ordinal="0" offset="0" sl="41" sc="13" el="41" ec="30" bec="0" bev="0" fileid="45" />
                <SequencePoint vc="0" uspid="2900" ordinal="1" offset="11" sl="42" sc="13" el="42" ec="80" bec="0" bev="0" fileid="45" />
                <SequencePoint vc="0" uspid="2901" ordinal="2" offset="46" sl="44" sc="13" el="44" ec="25" bec="0" bev="0" fileid="45" />
              </SequencePoints>
              <BranchPoints />
              <MethodPoint xsi:type="SequencePoint" vc="0" uspid="2899" ordinal="0" offset="0" sl="41" sc="13" el="41" ec="30" bec="0" bev="0" fileid="45" />
            </Method>
            <Method visited="false" cyclomaticComplexity="1" nPathComplexity="0" sequenceCoverage="0" branchCoverage="0" isConstructor="false" isStatic="false" isGetter="false" isSetter="false">
              <Summary numSequencePoints="3" visitedSequencePoints="0" numBranchPoints="1" visitedBranchPoints="0" sequenceCoverage="0" branchCoverage="0" maxCyclomaticComplexity="1" minCyclomaticComplexity="1" visitedClasses="0" numClasses="0" visitedMethods="0" numMethods="1" />
              <MetadataToken>100663898</MetadataToken>
              <Name>System.Void KCDModMerger.Logging.LogInterceptor::OnExit()</Name>
              <FileRef uid="45" />
              <SequencePoints>
                <SequencePoint vc="0" uspid="2902" ordinal="0" offset="0" sl="50" sc="13" el="50" ec="30" bec="0" bev="0" fileid="45" />
                <SequencePoint vc="0" uspid="2903" ordinal="1" offset="11" sl="51" sc="13" el="51" ec="76" bec="0" bev="0" fileid="45" />
                <SequencePoint vc="0" uspid="2904" ordinal="2" offset="44" sl="52" sc="9" el="52" ec="10" bec="0" bev="0" fileid="45" />
              </SequencePoints>
              <BranchPoints />
              <MethodPoint xsi:type="SequencePoint" vc="0" uspid="2902" ordinal="0" offset="0" sl="50" sc="13" el="50" ec="30" bec="0" bev="0" fileid="45" />
            </Method>
            <Method visited="false" cyclomaticComplexity="1" nPathComplexity="0" sequenceCoverage="0" branchCoverage="0" isConstructor="true" isStatic="false" isGetter="false" isSetter="false">
              <Summary numSequencePoints="0" visitedSequencePoints="0" numBranchPoints="0" visitedBranchPoints="0" sequenceCoverage="0" branchCoverage="0" maxCyclomaticComplexity="1" minCyclomaticComplexity="1" visitedClasses="0" numClasses="0" visitedMethods="0" numMethods="0" />
              <MetadataToken>100663899</MetadataToken>
              <Name>System.Void KCDModMerger.Logging.LogInterceptor::.ctor()</Name>
              <SequencePoints />
              <BranchPoints />
              <MethodPoint vc="0" uspid="2905" ordinal="0" offset="0" />
            </Method>
          </Methods>
        </Class>
        <Class skippedDueTo="Filter">
          <FullName>&lt;Cauldron&gt;</FullName>
          <Methods />
        </Class>
        <Class skippedDueTo="Filter">
          <FullName>Costura.AssemblyLoader</FullName>
          <Methods />
        </Class>
        <Class skippedDueTo="Filter">
          <FullName>ProcessedByFody</FullName>
          <Methods />
        </Class>
      </Classes>
    </Module>
    <Module skippedDueTo="Filter" hash="84-F9-9C-1F-12-F8-EA-8C-89-AE-D6-BC-67-A3-1B-CA-77-4E-58-F7">
      <ModulePath>C:\WINDOWS\Microsoft.Net\assembly\GAC_MSIL\PresentationFramework\v4.0_4.0.0.0__31bf3856ad364e35\PresentationFramework.dll</ModulePath>
      <ModuleTime>2018-02-02T03:35:36.3343535Z</ModuleTime>
      <ModuleName>PresentationFramework</ModuleName>
      <Classes />
    </Module>
    <Module skippedDueTo="Filter" hash="B6-A3-82-E5-87-DE-B8-9D-E6-F2-21-7E-99-D0-D0-CA-9B-B6-1F-B3">
      <ModulePath>C:\WINDOWS\Microsoft.Net\assembly\GAC_MSIL\mscorlib.resources\v4.0_4.0.0.0_de_b77a5c561934e089\mscorlib.resources.dll</ModulePath>
      <ModuleTime>2017-09-30T14:34:39.1753778Z</ModuleTime>
      <ModuleName>mscorlib.resources</ModuleName>
      <Classes />
    </Module>
  </Modules>
</CoverageSession>